<?xml version="1.0" encoding="utf-8"?>
<CoverageSession xmlns:xsd="http://www.w3.org/2001/XMLSchema" xmlns:xsi="http://www.w3.org/2001/XMLSchema-instance" Version="0.0.0.0">
  <Summary numSequencePoints="1778" visitedSequencePoints="1284" numBranchPoints="0" visitedBranchPoints="0" sequenceCoverage="72.22" branchCoverage="0.0" maxCyclomaticComplexity="0" minCyclomaticComplexity="0" maxCrapScore="0" minCrapScore="0" visitedClasses="70" numClasses="72" visitedMethods="172" numMethods="177" />
  <Modules>
    <Module>
      <Summary numSequencePoints="1440" visitedSequencePoints="1021" numBranchPoints="0" visitedBranchPoints="0" sequenceCoverage="70.90" branchCoverage="0.0" maxCyclomaticComplexity="0" minCyclomaticComplexity="0" maxCrapScore="0" minCrapScore="0" visitedClasses="59" numClasses="61" visitedMethods="131" numMethods="136" />
      <ModuleTime>0001-01-01T00:00:00</ModuleTime>
      <ModuleName>Assembly-CSharp</ModuleName>
      <Files>
        <File uid="1" fullPath="C:/Users/bramm/Race/Assets/CarDriverAI/Scripts/CarDriverImp.cs" />
        <File uid="2" fullPath="C:/Users/bramm/Race/Assets/FileHandler.cs" />
        <File uid="3" fullPath="C:/Users/bramm/Race/Assets/GarageScreen.cs" />
        <File uid="4" fullPath="C:/Users/bramm/Race/Assets/InputEntry.cs" />
        <File uid="5" fullPath="C:/Users/bramm/Race/Assets/InputHandler.cs" />
        <File uid="6" fullPath="C:/Users/bramm/Race/Assets/LeaderBoard.cs" />
        <File uid="7" fullPath="C:/Users/bramm/Race/Assets/MovingScript.cs" />
        <File uid="8" fullPath="C:/Users/bramm/Race/Assets/PlayerManager.cs" />
        <File uid="9" fullPath="C:/Users/bramm/Race/Assets/QuickOutline/Scripts/Outline.cs" />
        <File uid="10" fullPath="C:/Users/bramm/Race/Assets/Removed scripts (obsolete)/carController.cs" />
        <File uid="11" fullPath="C:/Users/bramm/Race/Assets/Resources/Navigate.cs" />
        <File uid="12" fullPath="C:/Users/bramm/Race/Assets/Resources/SetVolume.cs" />
        <File uid="13" fullPath="C:/Users/bramm/Race/Assets/Resources/garageScript.cs" />
        <File uid="14" fullPath="C:/Users/bramm/Race/Assets/Resources/ghostFollower.cs" />
        <File uid="15" fullPath="C:/Users/bramm/Race/Assets/Resources/saveLevel.cs" />
        <File uid="16" fullPath="C:/Users/bramm/Race/Assets/SOfiles/CarsettingsSO.cs" />
        <File uid="17" fullPath="C:/Users/bramm/Race/Assets/SOfiles/CurrentscoreSO.cs" />
        <File uid="18" fullPath="C:/Users/bramm/Race/Assets/SOfiles/FloatSO.cs" />
        <File uid="19" fullPath="C:/Users/bramm/Race/Assets/SOfiles/GhostsSO.cs" />
        <File uid="20" fullPath="C:/Users/bramm/Race/Assets/SOfiles/ScoresSO.cs" />
        <File uid="21" fullPath="C:/Users/bramm/Race/Assets/Scripts/AmbientClass.cs" />
        <File uid="22" fullPath="C:/Users/bramm/Race/Assets/Scripts/CarAITargetMouse.cs" />
        <File uid="23" fullPath="C:/Users/bramm/Race/Assets/Scripts/CarMusicClass.cs" />
        <File uid="24" fullPath="C:/Users/bramm/Race/Assets/Scripts/CityScript.cs" />
        <File uid="25" fullPath="C:/Users/bramm/Race/Assets/Scripts/MusicClass.cs" />
        <File uid="26" fullPath="C:/Users/bramm/Race/Assets/Scripts/Score.cs" />
        <File uid="27" fullPath="C:/Users/bramm/Race/Assets/Scripts/SnowScript.cs" />
        <File uid="28" fullPath="C:/Users/bramm/Race/Assets/Scripts/backScript.cs" />
        <File uid="29" fullPath="C:/Users/bramm/Race/Assets/Scripts/buttonSelect.cs" />
        <File uid="30" fullPath="C:/Users/bramm/Race/Assets/Scripts/cameraFollow.cs" />
        <File uid="31" fullPath="C:/Users/bramm/Race/Assets/Scripts/carController2.cs" />
        <File uid="32" fullPath="C:/Users/bramm/Race/Assets/Scripts/carDriverAI.cs" />
        <File uid="33" fullPath="C:/Users/bramm/Race/Assets/Scripts/changeQuality.cs" />
        <File uid="34" fullPath="C:/Users/bramm/Race/Assets/Scripts/checkShit.cs" />
        <File uid="35" fullPath="C:/Users/bramm/Race/Assets/Scripts/flipScript.cs" />
        <File uid="36" fullPath="C:/Users/bramm/Race/Assets/Scripts/ghostRecorder.cs" />
        <File uid="37" fullPath="C:/Users/bramm/Race/Assets/Scripts/hatScript.cs" />
        <File uid="38" fullPath="C:/Users/bramm/Race/Assets/Scripts/horn.cs" />
        <File uid="39" fullPath="C:/Users/bramm/Race/Assets/Scripts/lapTime.cs" />
        <File uid="40" fullPath="C:/Users/bramm/Race/Assets/Scripts/navigateKeys.cs" />
        <File uid="41" fullPath="C:/Users/bramm/Race/Assets/Scripts/newAI.cs" />
        <File uid="42" fullPath="C:/Users/bramm/Race/Assets/Scripts/newAI2.cs" />
        <File uid="43" fullPath="C:/Users/bramm/Race/Assets/Scripts/newController.cs" />
        <File uid="44" fullPath="C:/Users/bramm/Race/Assets/Scripts/rotationTracker.cs" />
        <File uid="45" fullPath="C:/Users/bramm/Race/Assets/Scripts/selectedCar.cs" />
        <File uid="46" fullPath="C:/Users/bramm/Race/Assets/Scripts/selectedLevel.cs" />
        <File uid="47" fullPath="C:/Users/bramm/Race/Assets/Scripts/speedTracker.cs" />
        <File uid="48" fullPath="C:/Users/bramm/Race/Assets/Scripts/titleCar.cs" />
        <File uid="49" fullPath="C:/Users/bramm/Race/Assets/Scripts/tutorialScript.cs" />
        <File uid="50" fullPath="C:/Users/bramm/Race/Assets/addLetter.cs" />
        <File uid="51" fullPath="C:/Users/bramm/Race/Assets/changeMaterial.cs" />
        <File uid="52" fullPath="C:/Users/bramm/Race/Assets/checkName.cs" />
        <File uid="53" fullPath="C:/Users/bramm/Race/Assets/hideButton.cs" />
        <File uid="54" fullPath="C:/Users/bramm/Race/Assets/instance.cs" />
        <File uid="55" fullPath="C:/Users/bramm/Race/Assets/loadScript.cs" />
        <File uid="56" fullPath="C:/Users/bramm/Race/Assets/openKeyboard.cs" />
        <File uid="57" fullPath="C:/Users/bramm/Race/Assets/playernamescript.cs" />
        <File uid="58" fullPath="C:/Users/bramm/Race/Assets/prefabscriptls.cs" />
        <File uid="59" fullPath="C:/Users/bramm/Race/Assets/rotateCar.cs" />
        <File uid="60" fullPath="C:/Users/bramm/Race/Assets/PathCreator/Examples/Scripts/GeneratePathExample.cs" />
        <File uid="61" fullPath="C:/Users/bramm/Race/Assets/PathCreator/Examples/Scripts/PathFollower.cs" />
        <File uid="62" fullPath="C:/Users/bramm/Race/Assets/PathCreator/Examples/Scripts/PathPlacer.cs" />
        <File uid="63" fullPath="C:/Users/bramm/Race/Assets/PathCreator/Examples/Scripts/PathSceneTool.cs" />
        <File uid="64" fullPath="C:/Users/bramm/Race/Assets/PathCreator/Examples/Scripts/PathSpawner.cs" />
        <File uid="65" fullPath="C:/Users/bramm/Race/Assets/PathCreator/Examples/Scripts/RoadMeshCreator.cs" />
      </Files>
      <Classes>
        <Class>
          <Summary numSequencePoints="13" visitedSequencePoints="0" numBranchPoints="0" visitedBranchPoints="0" sequenceCoverage="0.0" branchCoverage="0.0" maxCyclomaticComplexity="0" minCyclomaticComplexity="0" maxCrapScore="0" minCrapScore="0" visitedClasses="0" numClasses="1" visitedMethods="0" numMethods="2" />
          <FullName>FileHandler</FullName>
          <Methods>
            <Method visited="false" cyclomaticComplexity="0" nPathComplexity="0" sequenceCoverage="0.0" branchCoverage="0" crapScore="0" isConstructor="false" isStatic="true" isGetter="false" isSetter="false">
              <Summary numSequencePoints="5" visitedSequencePoints="0" numBranchPoints="0" visitedBranchPoints="0" sequenceCoverage="0.0" branchCoverage="0" maxCyclomaticComplexity="0" minCyclomaticComplexity="0" maxCrapScore="0" minCrapScore="0" visitedClasses="0" numClasses="0" visitedMethods="0" numMethods="1" />
              <MetadataToken>100663308</MetadataToken>
              <Name>static System.Void FileHandler::SaveToJSON[T](System.Collections.Generic.List[T], System.String)</Name>
              <FileRef uid="2" />
              <SequencePoints>
                <SequencePoint vc="0" uspid="5721" ordinal="0" offset="0" sl="19" sc="0" el="19" ec="0" bec="0" bev="0" fileid="2" />
                <SequencePoint vc="0" uspid="5722" ordinal="0" offset="1" sl="20" sc="0" el="20" ec="0" bec="0" bev="0" fileid="2" />
                <SequencePoint vc="0" uspid="5723" ordinal="0" offset="13" sl="21" sc="0" el="21" ec="0" bec="0" bev="0" fileid="2" />
                <SequencePoint vc="0" uspid="5724" ordinal="0" offset="25" sl="22" sc="0" el="22" ec="0" bec="0" bev="0" fileid="2" />
                <SequencePoint vc="0" uspid="5725" ordinal="0" offset="38" sl="23" sc="0" el="23" ec="0" bec="0" bev="0" fileid="2" />
              </SequencePoints>
              <BranchPoints />
            </Method>
            <Method visited="false" cyclomaticComplexity="0" nPathComplexity="0" sequenceCoverage="0.0" branchCoverage="0" crapScore="0" isConstructor="false" isStatic="true" isGetter="false" isSetter="false">
              <Summary numSequencePoints="8" visitedSequencePoints="0" numBranchPoints="0" visitedBranchPoints="0" sequenceCoverage="0.0" branchCoverage="0" maxCyclomaticComplexity="0" minCyclomaticComplexity="0" maxCrapScore="0" minCrapScore="0" visitedClasses="0" numClasses="0" visitedMethods="0" numMethods="1" />
              <MetadataToken>100663309</MetadataToken>
              <Name>static System.Collections.Generic.List[T] FileHandler::ReadFromJSON[T](System.String)</Name>
              <FileRef uid="2" />
              <SequencePoints>
                <SequencePoint vc="0" uspid="5726" ordinal="0" offset="0" sl="26" sc="0" el="26" ec="0" bec="0" bev="0" fileid="2" />
                <SequencePoint vc="0" uspid="5727" ordinal="0" offset="1" sl="27" sc="0" el="27" ec="0" bec="0" bev="0" fileid="2" />
                <SequencePoint vc="0" uspid="5728" ordinal="0" offset="13" sl="29" sc="0" el="29" ec="0" bec="0" bev="0" fileid="2" />
                <SequencePoint vc="0" uspid="5729" ordinal="0" offset="39" sl="30" sc="0" el="30" ec="0" bec="0" bev="0" fileid="2" />
                <SequencePoint vc="0" uspid="5730" ordinal="0" offset="40" sl="31" sc="0" el="31" ec="0" bec="0" bev="0" fileid="2" />
                <SequencePoint vc="0" uspid="5731" ordinal="0" offset="48" sl="34" sc="0" el="34" ec="0" bec="0" bev="0" fileid="2" />
                <SequencePoint vc="0" uspid="5732" ordinal="0" offset="60" sl="35" sc="0" el="35" ec="0" bec="0" bev="0" fileid="2" />
                <SequencePoint vc="0" uspid="5733" ordinal="0" offset="64" sl="36" sc="0" el="36" ec="0" bec="0" bev="0" fileid="2" />
              </SequencePoints>
              <BranchPoints />
            </Method>
          </Methods>
        </Class>
        <Class>
          <Summary numSequencePoints="14" visitedSequencePoints="0" numBranchPoints="0" visitedBranchPoints="0" sequenceCoverage="0.0" branchCoverage="0.0" maxCyclomaticComplexity="0" minCyclomaticComplexity="0" maxCrapScore="0" minCrapScore="0" visitedClasses="0" numClasses="1" visitedMethods="0" numMethods="3" />
          <FullName>JsonHelper</FullName>
          <Methods>
            <Method visited="false" cyclomaticComplexity="0" nPathComplexity="0" sequenceCoverage="0.0" branchCoverage="0" crapScore="0" isConstructor="false" isStatic="true" isGetter="false" isSetter="false">
              <Summary numSequencePoints="4" visitedSequencePoints="0" numBranchPoints="0" visitedBranchPoints="0" sequenceCoverage="0.0" branchCoverage="0" maxCyclomaticComplexity="0" minCyclomaticComplexity="0" maxCrapScore="0" minCrapScore="0" visitedClasses="0" numClasses="0" visitedMethods="0" numMethods="1" />
              <MetadataToken>100663314</MetadataToken>
              <Name>static T[] JsonHelper::FromJson[T](System.String)</Name>
              <FileRef uid="2" />
              <SequencePoints>
                <SequencePoint vc="0" uspid="5753" ordinal="0" offset="0" sl="72" sc="0" el="72" ec="0" bec="0" bev="0" fileid="2" />
                <SequencePoint vc="0" uspid="5754" ordinal="0" offset="1" sl="73" sc="0" el="73" ec="0" bec="0" bev="0" fileid="2" />
                <SequencePoint vc="0" uspid="5755" ordinal="0" offset="8" sl="74" sc="0" el="74" ec="0" bec="0" bev="0" fileid="2" />
                <SequencePoint vc="0" uspid="5756" ordinal="0" offset="17" sl="75" sc="0" el="75" ec="0" bec="0" bev="0" fileid="2" />
              </SequencePoints>
              <BranchPoints />
            </Method>
            <Method visited="false" cyclomaticComplexity="0" nPathComplexity="0" sequenceCoverage="0.0" branchCoverage="0" crapScore="0" isConstructor="false" isStatic="true" isGetter="false" isSetter="false">
              <Summary numSequencePoints="5" visitedSequencePoints="0" numBranchPoints="0" visitedBranchPoints="0" sequenceCoverage="0.0" branchCoverage="0" maxCyclomaticComplexity="0" minCyclomaticComplexity="0" maxCrapScore="0" minCrapScore="0" visitedClasses="0" numClasses="0" visitedMethods="0" numMethods="1" />
              <MetadataToken>100663315</MetadataToken>
              <Name>static System.String JsonHelper::ToJson[T](T[])</Name>
              <FileRef uid="2" />
              <SequencePoints>
                <SequencePoint vc="0" uspid="5757" ordinal="0" offset="0" sl="78" sc="0" el="78" ec="0" bec="0" bev="0" fileid="2" />
                <SequencePoint vc="0" uspid="5758" ordinal="0" offset="1" sl="79" sc="0" el="79" ec="0" bec="0" bev="0" fileid="2" />
                <SequencePoint vc="0" uspid="5759" ordinal="0" offset="7" sl="80" sc="0" el="80" ec="0" bec="0" bev="0" fileid="2" />
                <SequencePoint vc="0" uspid="5760" ordinal="0" offset="14" sl="81" sc="0" el="81" ec="0" bec="0" bev="0" fileid="2" />
                <SequencePoint vc="0" uspid="5761" ordinal="0" offset="23" sl="82" sc="0" el="82" ec="0" bec="0" bev="0" fileid="2" />
              </SequencePoints>
              <BranchPoints />
            </Method>
            <Method visited="false" cyclomaticComplexity="0" nPathComplexity="0" sequenceCoverage="0.0" branchCoverage="0" crapScore="0" isConstructor="false" isStatic="true" isGetter="false" isSetter="false">
              <Summary numSequencePoints="5" visitedSequencePoints="0" numBranchPoints="0" visitedBranchPoints="0" sequenceCoverage="0.0" branchCoverage="0" maxCyclomaticComplexity="0" minCyclomaticComplexity="0" maxCrapScore="0" minCrapScore="0" visitedClasses="0" numClasses="0" visitedMethods="0" numMethods="1" />
              <MetadataToken>100663316</MetadataToken>
              <Name>static System.String JsonHelper::ToJson[T](T[], System.Boolean)</Name>
              <FileRef uid="2" />
              <SequencePoints>
                <SequencePoint vc="0" uspid="5762" ordinal="0" offset="0" sl="85" sc="0" el="85" ec="0" bec="0" bev="0" fileid="2" />
                <SequencePoint vc="0" uspid="5763" ordinal="0" offset="1" sl="86" sc="0" el="86" ec="0" bec="0" bev="0" fileid="2" />
                <SequencePoint vc="0" uspid="5764" ordinal="0" offset="7" sl="87" sc="0" el="87" ec="0" bec="0" bev="0" fileid="2" />
                <SequencePoint vc="0" uspid="5765" ordinal="0" offset="14" sl="88" sc="0" el="88" ec="0" bec="0" bev="0" fileid="2" />
                <SequencePoint vc="0" uspid="5766" ordinal="0" offset="24" sl="89" sc="0" el="89" ec="0" bec="0" bev="0" fileid="2" />
              </SequencePoints>
              <BranchPoints />
            </Method>
          </Methods>
        </Class>
        <Class>
          <Summary numSequencePoints="4" visitedSequencePoints="3" numBranchPoints="0" visitedBranchPoints="0" sequenceCoverage="75.00" branchCoverage="0.0" maxCyclomaticComplexity="0" minCyclomaticComplexity="0" maxCrapScore="0" minCrapScore="0" visitedClasses="1" numClasses="1" visitedMethods="1" numMethods="1" />
          <FullName>LeaderBoard</FullName>
          <Methods>
            <Method visited="true" cyclomaticComplexity="0" nPathComplexity="0" sequenceCoverage="75.00" branchCoverage="0" crapScore="0" isConstructor="false" isStatic="false" isGetter="false" isSetter="false">
              <Summary numSequencePoints="4" visitedSequencePoints="3" numBranchPoints="0" visitedBranchPoints="0" sequenceCoverage="75.00" branchCoverage="0" maxCyclomaticComplexity="0" minCyclomaticComplexity="0" maxCrapScore="0" minCrapScore="0" visitedClasses="0" numClasses="0" visitedMethods="1" numMethods="1" />
              <MetadataToken>100663344</MetadataToken>
              <Name>System.Void LeaderBoard::Update()</Name>
              <FileRef uid="6" />
              <SequencePoints>
                <SequencePoint vc="2256" uspid="5889" ordinal="0" offset="0" sl="47" sc="5" el="47" ec="5" bec="0" bev="0" fileid="6" />
                <SequencePoint vc="2256" uspid="5890" ordinal="0" offset="1" sl="48" sc="9" el="48" ec="9" bec="0" bev="0" fileid="6" />
                <SequencePoint vc="0" uspid="5891" ordinal="0" offset="17" sl="48" sc="25" el="48" ec="25" bec="0" bev="0" fileid="6" />
                <SequencePoint vc="2256" uspid="5892" ordinal="0" offset="28" sl="49" sc="5" el="49" ec="5" bec="0" bev="0" fileid="6" />
              </SequencePoints>
              <BranchPoints />
            </Method>
          </Methods>
        </Class>
        <Class>
          <Summary numSequencePoints="71" visitedSequencePoints="39" numBranchPoints="0" visitedBranchPoints="0" sequenceCoverage="54.93" branchCoverage="0.0" maxCyclomaticComplexity="0" minCyclomaticComplexity="0" maxCrapScore="0" minCrapScore="0" visitedClasses="1" numClasses="1" visitedMethods="7" numMethods="7" />
          <FullName>PlayerManager</FullName>
          <Methods>
            <Method visited="true" cyclomaticComplexity="0" nPathComplexity="0" sequenceCoverage="14.29" branchCoverage="0" crapScore="0" isConstructor="false" isStatic="false" isGetter="false" isSetter="false">
              <Summary numSequencePoints="21" visitedSequencePoints="3" numBranchPoints="0" visitedBranchPoints="0" sequenceCoverage="14.29" branchCoverage="0" maxCyclomaticComplexity="0" minCyclomaticComplexity="0" maxCrapScore="0" minCrapScore="0" visitedClasses="0" numClasses="0" visitedMethods="1" numMethods="1" />
              <MetadataToken>100663351</MetadataToken>
              <Name>System.Void PlayerManager::Update()</Name>
              <FileRef uid="8" />
              <SequencePoints>
                <SequencePoint vc="2256" uspid="5905" ordinal="0" offset="0" sl="115" sc="5" el="115" ec="5" bec="0" bev="0" fileid="8" />
                <SequencePoint vc="2256" uspid="5906" ordinal="0" offset="1" sl="117" sc="9" el="117" ec="9" bec="0" bev="0" fileid="8" />
                <SequencePoint vc="0" uspid="5907" ordinal="0" offset="15" sl="118" sc="9" el="118" ec="9" bec="0" bev="0" fileid="8" />
                <SequencePoint vc="0" uspid="5908" ordinal="0" offset="16" sl="119" sc="13" el="119" ec="13" bec="0" bev="0" fileid="8" />
                <SequencePoint vc="0" uspid="5909" ordinal="0" offset="31" sl="120" sc="13" el="120" ec="13" bec="0" bev="0" fileid="8" />
                <SequencePoint vc="0" uspid="5910" ordinal="0" offset="32" sl="121" sc="17" el="121" ec="17" bec="0" bev="0" fileid="8" />
                <SequencePoint vc="0" uspid="5911" ordinal="0" offset="57" sl="122" sc="17" el="122" ec="17" bec="0" bev="0" fileid="8" />
                <SequencePoint vc="0" uspid="5912" ordinal="0" offset="58" sl="123" sc="21" el="123" ec="21" bec="0" bev="0" fileid="8" />
                <SequencePoint vc="0" uspid="5913" ordinal="0" offset="65" sl="124" sc="21" el="124" ec="21" bec="0" bev="0" fileid="8" />
                <SequencePoint vc="0" uspid="5914" ordinal="0" offset="78" sl="125" sc="17" el="125" ec="17" bec="0" bev="0" fileid="8" />
                <SequencePoint vc="0" uspid="5915" ordinal="0" offset="79" sl="126" sc="13" el="126" ec="13" bec="0" bev="0" fileid="8" />
                <SequencePoint vc="0" uspid="5916" ordinal="0" offset="82" sl="128" sc="18" el="128" ec="18" bec="0" bev="0" fileid="8" />
                <SequencePoint vc="0" uspid="5917" ordinal="0" offset="97" sl="129" sc="13" el="129" ec="13" bec="0" bev="0" fileid="8" />
                <SequencePoint vc="0" uspid="5918" ordinal="0" offset="98" sl="130" sc="17" el="130" ec="17" bec="0" bev="0" fileid="8" />
                <SequencePoint vc="0" uspid="5919" ordinal="0" offset="125" sl="131" sc="21" el="131" ec="21" bec="0" bev="0" fileid="8" />
                <SequencePoint vc="0" uspid="5920" ordinal="0" offset="132" sl="132" sc="17" el="132" ec="17" bec="0" bev="0" fileid="8" />
                <SequencePoint vc="0" uspid="5921" ordinal="0" offset="145" sl="133" sc="17" el="133" ec="17" bec="0" bev="0" fileid="8" />
                <SequencePoint vc="0" uspid="5922" ordinal="0" offset="158" sl="134" sc="17" el="134" ec="17" bec="0" bev="0" fileid="8" />
                <SequencePoint vc="0" uspid="5923" ordinal="0" offset="171" sl="135" sc="13" el="135" ec="13" bec="0" bev="0" fileid="8" />
                <SequencePoint vc="0" uspid="5924" ordinal="0" offset="172" sl="136" sc="9" el="136" ec="9" bec="0" bev="0" fileid="8" />
                <SequencePoint vc="2256" uspid="5925" ordinal="0" offset="173" sl="137" sc="5" el="137" ec="5" bec="0" bev="0" fileid="8" />
              </SequencePoints>
              <BranchPoints />
            </Method>
            <Method visited="true" cyclomaticComplexity="0" nPathComplexity="0" sequenceCoverage="100.0" branchCoverage="0" crapScore="0" isConstructor="false" isStatic="false" isGetter="false" isSetter="false">
              <Summary numSequencePoints="4" visitedSequencePoints="4" numBranchPoints="0" visitedBranchPoints="0" sequenceCoverage="100.0" branchCoverage="0" maxCyclomaticComplexity="0" minCyclomaticComplexity="0" maxCrapScore="0" minCrapScore="0" visitedClasses="0" numClasses="0" visitedMethods="1" numMethods="1" />
              <MetadataToken>100663355</MetadataToken>
              <Name>System.Void PlayerManager::SetSO()</Name>
              <FileRef uid="8" />
              <SequencePoints>
                <SequencePoint vc="9" uspid="5926" ordinal="0" offset="0" sl="197" sc="5" el="197" ec="5" bec="0" bev="0" fileid="8" />
                <SequencePoint vc="9" uspid="5927" ordinal="0" offset="1" sl="198" sc="9" el="198" ec="9" bec="0" bev="0" fileid="8" />
                <SequencePoint vc="9" uspid="5928" ordinal="0" offset="19" sl="199" sc="9" el="199" ec="9" bec="0" bev="0" fileid="8" />
                <SequencePoint vc="9" uspid="5929" ordinal="0" offset="37" sl="200" sc="5" el="200" ec="5" bec="0" bev="0" fileid="8" />
              </SequencePoints>
              <BranchPoints />
            </Method>
            <Method visited="true" cyclomaticComplexity="0" nPathComplexity="0" sequenceCoverage="100.0" branchCoverage="0" crapScore="0" isConstructor="false" isStatic="false" isGetter="false" isSetter="false">
              <Summary numSequencePoints="4" visitedSequencePoints="4" numBranchPoints="0" visitedBranchPoints="0" sequenceCoverage="100.0" branchCoverage="0" maxCyclomaticComplexity="0" minCyclomaticComplexity="0" maxCrapScore="0" minCrapScore="0" visitedClasses="0" numClasses="0" visitedMethods="1" numMethods="1" />
              <MetadataToken>100663356</MetadataToken>
              <Name>System.Void PlayerManager::UpdateScoreText(System.Single)</Name>
              <FileRef uid="8" />
              <SequencePoints>
                <SequencePoint vc="1" uspid="5930" ordinal="0" offset="0" sl="203" sc="5" el="203" ec="5" bec="0" bev="0" fileid="8" />
                <SequencePoint vc="1" uspid="5931" ordinal="0" offset="1" sl="205" sc="9" el="205" ec="9" bec="0" bev="0" fileid="8" />
                <SequencePoint vc="1" uspid="5932" ordinal="0" offset="14" sl="206" sc="9" el="206" ec="9" bec="0" bev="0" fileid="8" />
                <SequencePoint vc="1" uspid="5933" ordinal="0" offset="21" sl="207" sc="5" el="207" ec="5" bec="0" bev="0" fileid="8" />
              </SequencePoints>
              <BranchPoints />
            </Method>
            <Method visited="true" cyclomaticComplexity="0" nPathComplexity="0" sequenceCoverage="22.22" branchCoverage="0" crapScore="0" isConstructor="false" isStatic="false" isGetter="false" isSetter="false">
              <Summary numSequencePoints="18" visitedSequencePoints="4" numBranchPoints="0" visitedBranchPoints="0" sequenceCoverage="22.22" branchCoverage="0" maxCyclomaticComplexity="0" minCyclomaticComplexity="0" maxCrapScore="0" minCrapScore="0" visitedClasses="0" numClasses="0" visitedMethods="1" numMethods="1" />
              <MetadataToken>100663359</MetadataToken>
              <Name>System.Void PlayerManager::SetPlayerName()</Name>
              <FileRef uid="8" />
              <SequencePoints>
                <SequencePoint vc="1" uspid="5937" ordinal="0" offset="0" sl="255" sc="5" el="255" ec="5" bec="0" bev="0" fileid="8" />
                <SequencePoint vc="1" uspid="5938" ordinal="0" offset="1" sl="256" sc="9" el="256" ec="9" bec="0" bev="0" fileid="8" />
                <SequencePoint vc="0" uspid="5939" ordinal="0" offset="19" sl="257" sc="9" el="257" ec="9" bec="0" bev="0" fileid="8" />
                <SequencePoint vc="0" uspid="5940" ordinal="0" offset="20" sl="259" sc="13" el="259" ec="13" bec="0" bev="0" fileid="8" />
                <SequencePoint vc="0" uspid="5941" ordinal="0" offset="72" sl="260" sc="13" el="260" ec="13" bec="0" bev="0" fileid="8" />
                <SequencePoint vc="0" uspid="5942" ordinal="0" offset="73" sl="261" sc="17" el="261" ec="17" bec="0" bev="0" fileid="8" />
                <SequencePoint vc="0" uspid="5943" ordinal="0" offset="86" sl="262" sc="17" el="262" ec="17" bec="0" bev="0" fileid="8" />
                <SequencePoint vc="0" uspid="5944" ordinal="0" offset="108" sl="263" sc="17" el="263" ec="17" bec="0" bev="0" fileid="8" />
                <SequencePoint vc="0" uspid="5945" ordinal="0" offset="125" sl="264" sc="17" el="264" ec="17" bec="0" bev="0" fileid="8" />
                <SequencePoint vc="0" uspid="5946" ordinal="0" offset="149" sl="277" sc="13" el="277" ec="13" bec="0" bev="0" fileid="8" />
                <SequencePoint vc="0" uspid="5947" ordinal="0" offset="152" sl="279" sc="13" el="279" ec="13" bec="0" bev="0" fileid="8" />
                <SequencePoint vc="0" uspid="5948" ordinal="0" offset="153" sl="280" sc="17" el="280" ec="17" bec="0" bev="0" fileid="8" />
                <SequencePoint vc="0" uspid="5949" ordinal="0" offset="166" sl="281" sc="17" el="281" ec="17" bec="0" bev="0" fileid="8" />
                <SequencePoint vc="0" uspid="5950" ordinal="0" offset="188" sl="282" sc="13" el="282" ec="13" bec="0" bev="0" fileid="8" />
                <SequencePoint vc="0" uspid="5951" ordinal="0" offset="189" sl="283" sc="9" el="283" ec="9" bec="0" bev="0" fileid="8" />
                <SequencePoint vc="1" uspid="5952" ordinal="0" offset="192" sl="284" sc="14" el="284" ec="14" bec="0" bev="0" fileid="8" />
                <SequencePoint vc="0" uspid="5953" ordinal="0" offset="217" sl="285" sc="13" el="285" ec="13" bec="0" bev="0" fileid="8" />
                <SequencePoint vc="1" uspid="5954" ordinal="0" offset="246" sl="301" sc="5" el="301" ec="5" bec="0" bev="0" fileid="8" />
              </SequencePoints>
              <BranchPoints />
            </Method>
            <Method visited="true" cyclomaticComplexity="0" nPathComplexity="0" sequenceCoverage="100.0" branchCoverage="0" crapScore="0" isConstructor="false" isStatic="false" isGetter="false" isSetter="false">
              <Summary numSequencePoints="5" visitedSequencePoints="5" numBranchPoints="0" visitedBranchPoints="0" sequenceCoverage="100.0" branchCoverage="0" maxCyclomaticComplexity="0" minCyclomaticComplexity="0" maxCrapScore="0" minCrapScore="0" visitedClasses="0" numClasses="0" visitedMethods="1" numMethods="1" />
              <MetadataToken>100663366</MetadataToken>
              <Name>System.Void PlayerManager::SetCurrentLevel(System.Int32)</Name>
              <FileRef uid="8" />
              <SequencePoints>
                <SequencePoint vc="1" uspid="5997" ordinal="0" offset="0" sl="390" sc="5" el="390" ec="5" bec="0" bev="0" fileid="8" />
                <SequencePoint vc="1" uspid="5998" ordinal="0" offset="1" sl="391" sc="9" el="391" ec="9" bec="0" bev="0" fileid="8" />
                <SequencePoint vc="1" uspid="5999" ordinal="0" offset="10" sl="392" sc="9" el="392" ec="9" bec="0" bev="0" fileid="8" />
                <SequencePoint vc="1" uspid="6000" ordinal="0" offset="28" sl="394" sc="9" el="394" ec="9" bec="0" bev="0" fileid="8" />
                <SequencePoint vc="1" uspid="6001" ordinal="0" offset="37" sl="395" sc="5" el="395" ec="5" bec="0" bev="0" fileid="8" />
              </SequencePoints>
              <BranchPoints />
            </Method>
            <Method visited="true" cyclomaticComplexity="0" nPathComplexity="0" sequenceCoverage="100.0" branchCoverage="0" crapScore="0" isConstructor="false" isStatic="false" isGetter="false" isSetter="false">
              <Summary numSequencePoints="12" visitedSequencePoints="12" numBranchPoints="0" visitedBranchPoints="0" sequenceCoverage="100.0" branchCoverage="0" maxCyclomaticComplexity="0" minCyclomaticComplexity="0" maxCrapScore="0" minCrapScore="0" visitedClasses="0" numClasses="0" visitedMethods="1" numMethods="1" />
              <MetadataToken>100663373</MetadataToken>
              <Name>System.Void PlayerManager::SetCarDefaultSettingsData()</Name>
              <FileRef uid="8" />
              <SequencePoints>
                <SequencePoint vc="1" uspid="6012" ordinal="0" offset="0" sl="592" sc="5" el="592" ec="5" bec="0" bev="0" fileid="8" />
                <SequencePoint vc="1" uspid="6013" ordinal="0" offset="1" sl="593" sc="9" el="593" ec="9" bec="0" bev="0" fileid="8" />
                <SequencePoint vc="1" uspid="6014" ordinal="0" offset="34" sl="594" sc="9" el="594" ec="9" bec="0" bev="0" fileid="8" />
                <SequencePoint vc="1" uspid="6015" ordinal="0" offset="71" sl="595" sc="9" el="595" ec="9" bec="0" bev="0" fileid="8" />
                <SequencePoint vc="1" uspid="6016" ordinal="0" offset="108" sl="597" sc="9" el="597" ec="9" bec="0" bev="0" fileid="8" />
                <SequencePoint vc="1" uspid="6017" ordinal="0" offset="149" sl="598" sc="9" el="598" ec="9" bec="0" bev="0" fileid="8" />
                <SequencePoint vc="1" uspid="6018" ordinal="0" offset="190" sl="599" sc="9" el="599" ec="9" bec="0" bev="0" fileid="8" />
                <SequencePoint vc="1" uspid="6019" ordinal="0" offset="231" sl="600" sc="9" el="600" ec="9" bec="0" bev="0" fileid="8" />
                <SequencePoint vc="1" uspid="6020" ordinal="0" offset="272" sl="601" sc="9" el="601" ec="9" bec="0" bev="0" fileid="8" />
                <SequencePoint vc="1" uspid="6021" ordinal="0" offset="313" sl="602" sc="9" el="602" ec="9" bec="0" bev="0" fileid="8" />
                <SequencePoint vc="1" uspid="6022" ordinal="0" offset="354" sl="603" sc="9" el="603" ec="9" bec="0" bev="0" fileid="8" />
                <SequencePoint vc="1" uspid="6023" ordinal="0" offset="367" sl="604" sc="5" el="604" ec="5" bec="0" bev="0" fileid="8" />
              </SequencePoints>
              <BranchPoints />
            </Method>
            <Method visited="true" cyclomaticComplexity="0" nPathComplexity="0" sequenceCoverage="100.0" branchCoverage="0" crapScore="0" isConstructor="false" isStatic="false" isGetter="false" isSetter="false">
              <Summary numSequencePoints="7" visitedSequencePoints="7" numBranchPoints="0" visitedBranchPoints="0" sequenceCoverage="100.0" branchCoverage="0" maxCyclomaticComplexity="0" minCyclomaticComplexity="0" maxCrapScore="0" minCrapScore="0" visitedClasses="0" numClasses="0" visitedMethods="1" numMethods="1" />
              <MetadataToken>100663379</MetadataToken>
              <Name>System.Void PlayerManager::ModifyCar()</Name>
              <FileRef uid="8" />
              <SequencePoints>
                <SequencePoint vc="1" uspid="6032" ordinal="0" offset="0" sl="688" sc="5" el="688" ec="5" bec="0" bev="0" fileid="8" />
                <SequencePoint vc="1" uspid="6033" ordinal="0" offset="1" sl="689" sc="9" el="689" ec="9" bec="0" bev="0" fileid="8" />
                <SequencePoint vc="1" uspid="6034" ordinal="0" offset="34" sl="691" sc="9" el="691" ec="9" bec="0" bev="0" fileid="8" />
                <SequencePoint vc="1" uspid="6035" ordinal="0" offset="92" sl="692" sc="9" el="692" ec="9" bec="0" bev="0" fileid="8" />
                <SequencePoint vc="1" uspid="6036" ordinal="0" offset="150" sl="694" sc="9" el="694" ec="9" bec="0" bev="0" fileid="8" />
                <SequencePoint vc="1" uspid="6037" ordinal="0" offset="170" sl="695" sc="9" el="695" ec="9" bec="0" bev="0" fileid="8" />
                <SequencePoint vc="1" uspid="6038" ordinal="0" offset="190" sl="696" sc="5" el="696" ec="5" bec="0" bev="0" fileid="8" />
              </SequencePoints>
              <BranchPoints />
            </Method>
          </Methods>
        </Class>
        <Class>
          <Summary numSequencePoints="4" visitedSequencePoints="4" numBranchPoints="0" visitedBranchPoints="0" sequenceCoverage="100.0" branchCoverage="0.0" maxCyclomaticComplexity="0" minCyclomaticComplexity="0" maxCrapScore="0" minCrapScore="0" visitedClasses="1" numClasses="1" visitedMethods="1" numMethods="1" />
          <FullName>Outline</FullName>
          <Methods>
            <Method visited="true" cyclomaticComplexity="0" nPathComplexity="0" sequenceCoverage="100.0" branchCoverage="0" crapScore="0" isConstructor="false" isStatic="false" isGetter="false" isSetter="false">
              <Summary numSequencePoints="4" visitedSequencePoints="4" numBranchPoints="0" visitedBranchPoints="0" sequenceCoverage="100.0" branchCoverage="0" maxCyclomaticComplexity="0" minCyclomaticComplexity="0" maxCrapScore="0" minCrapScore="0" visitedClasses="0" numClasses="0" visitedMethods="1" numMethods="1" />
              <MetadataToken>100663397</MetadataToken>
              <Name>System.Void Outline::OnDestroy()</Name>
              <FileRef uid="9" />
              <SequencePoints>
                <SequencePoint vc="3" uspid="6149" ordinal="0" offset="0" sl="153" sc="20" el="153" ec="20" bec="0" bev="0" fileid="9" />
                <SequencePoint vc="3" uspid="6150" ordinal="0" offset="1" sl="156" sc="5" el="156" ec="5" bec="0" bev="0" fileid="9" />
                <SequencePoint vc="3" uspid="6151" ordinal="0" offset="13" sl="157" sc="5" el="157" ec="5" bec="0" bev="0" fileid="9" />
                <SequencePoint vc="3" uspid="6152" ordinal="0" offset="25" sl="158" sc="3" el="158" ec="3" bec="0" bev="0" fileid="9" />
              </SequencePoints>
              <BranchPoints />
            </Method>
          </Methods>
        </Class>
        <Class>
          <Summary numSequencePoints="5" visitedSequencePoints="5" numBranchPoints="0" visitedBranchPoints="0" sequenceCoverage="100.0" branchCoverage="0.0" maxCyclomaticComplexity="0" minCyclomaticComplexity="0" maxCrapScore="0" minCrapScore="0" visitedClasses="1" numClasses="1" visitedMethods="1" numMethods="1" />
          <FullName>SetVolume</FullName>
          <Methods>
            <Method visited="true" cyclomaticComplexity="0" nPathComplexity="0" sequenceCoverage="100.0" branchCoverage="0" crapScore="0" isConstructor="false" isStatic="false" isGetter="false" isSetter="false">
              <Summary numSequencePoints="5" visitedSequencePoints="5" numBranchPoints="0" visitedBranchPoints="0" sequenceCoverage="100.0" branchCoverage="0" maxCyclomaticComplexity="0" minCyclomaticComplexity="0" maxCrapScore="0" minCrapScore="0" visitedClasses="0" numClasses="0" visitedMethods="1" numMethods="1" />
              <MetadataToken>100663420</MetadataToken>
              <Name>System.Void SetVolume::SetLevel(System.Single)</Name>
              <FileRef uid="12" />
              <SequencePoints>
                <SequencePoint vc="1" uspid="6333" ordinal="0" offset="0" sl="30" sc="5" el="30" ec="5" bec="0" bev="0" fileid="12" />
                <SequencePoint vc="1" uspid="6334" ordinal="0" offset="1" sl="31" sc="9" el="31" ec="9" bec="0" bev="0" fileid="12" />
                <SequencePoint vc="1" uspid="6335" ordinal="0" offset="13" sl="32" sc="9" el="32" ec="9" bec="0" bev="0" fileid="12" />
                <SequencePoint vc="1" uspid="6336" ordinal="0" offset="38" sl="33" sc="9" el="33" ec="9" bec="0" bev="0" fileid="12" />
                <SequencePoint vc="1" uspid="6337" ordinal="0" offset="46" sl="35" sc="5" el="35" ec="5" bec="0" bev="0" fileid="12" />
              </SequencePoints>
              <BranchPoints />
            </Method>
          </Methods>
        </Class>
        <Class>
          <Summary numSequencePoints="30" visitedSequencePoints="30" numBranchPoints="0" visitedBranchPoints="0" sequenceCoverage="100.0" branchCoverage="0.0" maxCyclomaticComplexity="0" minCyclomaticComplexity="0" maxCrapScore="0" minCrapScore="0" visitedClasses="1" numClasses="1" visitedMethods="10" numMethods="10" />
          <FullName>CarsettingsSO</FullName>
          <Methods>
            <Method visited="true" cyclomaticComplexity="0" nPathComplexity="0" sequenceCoverage="100.0" branchCoverage="0" crapScore="0" isConstructor="false" isStatic="false" isGetter="true" isSetter="false">
              <Summary numSequencePoints="3" visitedSequencePoints="3" numBranchPoints="0" visitedBranchPoints="0" sequenceCoverage="100.0" branchCoverage="0" maxCyclomaticComplexity="0" minCyclomaticComplexity="0" maxCrapScore="0" minCrapScore="0" visitedClasses="0" numClasses="0" visitedMethods="1" numMethods="1" />
              <MetadataToken>100663433</MetadataToken>
              <Name>System.Collections.Generic.List[Single] CarsettingsSO::get_BodyColor()</Name>
              <FileRef uid="16" />
              <SequencePoints>
                <SequencePoint vc="15" uspid="6384" ordinal="0" offset="0" sl="27" sc="13" el="27" ec="13" bec="0" bev="0" fileid="16" />
                <SequencePoint vc="15" uspid="6385" ordinal="0" offset="1" sl="27" sc="15" el="27" ec="15" bec="0" bev="0" fileid="16" />
                <SequencePoint vc="15" uspid="6386" ordinal="0" offset="10" sl="27" sc="33" el="27" ec="33" bec="0" bev="0" fileid="16" />
              </SequencePoints>
              <BranchPoints />
            </Method>
            <Method visited="true" cyclomaticComplexity="0" nPathComplexity="0" sequenceCoverage="100.0" branchCoverage="0" crapScore="0" isConstructor="false" isStatic="false" isGetter="true" isSetter="false">
              <Summary numSequencePoints="3" visitedSequencePoints="3" numBranchPoints="0" visitedBranchPoints="0" sequenceCoverage="100.0" branchCoverage="0" maxCyclomaticComplexity="0" minCyclomaticComplexity="0" maxCrapScore="0" minCrapScore="0" visitedClasses="0" numClasses="0" visitedMethods="1" numMethods="1" />
              <MetadataToken>100663435</MetadataToken>
              <Name>System.Collections.Generic.List[Single] CarsettingsSO::get_WindowColor()</Name>
              <FileRef uid="16" />
              <SequencePoints>
                <SequencePoint vc="15" uspid="6391" ordinal="0" offset="0" sl="32" sc="13" el="32" ec="13" bec="0" bev="0" fileid="16" />
                <SequencePoint vc="15" uspid="6392" ordinal="0" offset="1" sl="32" sc="15" el="32" ec="15" bec="0" bev="0" fileid="16" />
                <SequencePoint vc="15" uspid="6393" ordinal="0" offset="10" sl="32" sc="35" el="32" ec="35" bec="0" bev="0" fileid="16" />
              </SequencePoints>
              <BranchPoints />
            </Method>
            <Method visited="true" cyclomaticComplexity="0" nPathComplexity="0" sequenceCoverage="100.0" branchCoverage="0" crapScore="0" isConstructor="false" isStatic="false" isGetter="true" isSetter="false">
              <Summary numSequencePoints="3" visitedSequencePoints="3" numBranchPoints="0" visitedBranchPoints="0" sequenceCoverage="100.0" branchCoverage="0" maxCyclomaticComplexity="0" minCyclomaticComplexity="0" maxCrapScore="0" minCrapScore="0" visitedClasses="0" numClasses="0" visitedMethods="1" numMethods="1" />
              <MetadataToken>100663437</MetadataToken>
              <Name>System.Int32 CarsettingsSO::get_CurrentCar()</Name>
              <FileRef uid="16" />
              <SequencePoints>
                <SequencePoint vc="2" uspid="6398" ordinal="0" offset="0" sl="37" sc="13" el="37" ec="13" bec="0" bev="0" fileid="16" />
                <SequencePoint vc="2" uspid="6399" ordinal="0" offset="1" sl="37" sc="15" el="37" ec="15" bec="0" bev="0" fileid="16" />
                <SequencePoint vc="2" uspid="6400" ordinal="0" offset="10" sl="37" sc="34" el="37" ec="34" bec="0" bev="0" fileid="16" />
              </SequencePoints>
              <BranchPoints />
            </Method>
            <Method visited="true" cyclomaticComplexity="0" nPathComplexity="0" sequenceCoverage="100.0" branchCoverage="0" crapScore="0" isConstructor="false" isStatic="false" isGetter="false" isSetter="true">
              <Summary numSequencePoints="3" visitedSequencePoints="3" numBranchPoints="0" visitedBranchPoints="0" sequenceCoverage="100.0" branchCoverage="0" maxCyclomaticComplexity="0" minCyclomaticComplexity="0" maxCrapScore="0" minCrapScore="0" visitedClasses="0" numClasses="0" visitedMethods="1" numMethods="1" />
              <MetadataToken>100663438</MetadataToken>
              <Name>System.Void CarsettingsSO::set_CurrentCar(System.Int32)</Name>
              <FileRef uid="16" />
              <SequencePoints>
                <SequencePoint vc="3" uspid="6401" ordinal="0" offset="0" sl="38" sc="13" el="38" ec="13" bec="0" bev="0" fileid="16" />
                <SequencePoint vc="3" uspid="6402" ordinal="0" offset="1" sl="38" sc="15" el="38" ec="15" bec="0" bev="0" fileid="16" />
                <SequencePoint vc="3" uspid="6403" ordinal="0" offset="8" sl="38" sc="35" el="38" ec="35" bec="0" bev="0" fileid="16" />
              </SequencePoints>
              <BranchPoints />
            </Method>
            <Method visited="true" cyclomaticComplexity="0" nPathComplexity="0" sequenceCoverage="100.0" branchCoverage="0" crapScore="0" isConstructor="false" isStatic="false" isGetter="true" isSetter="false">
              <Summary numSequencePoints="3" visitedSequencePoints="3" numBranchPoints="0" visitedBranchPoints="0" sequenceCoverage="100.0" branchCoverage="0" maxCyclomaticComplexity="0" minCyclomaticComplexity="0" maxCrapScore="0" minCrapScore="0" visitedClasses="0" numClasses="0" visitedMethods="1" numMethods="1" />
              <MetadataToken>100663439</MetadataToken>
              <Name>System.Int32 CarsettingsSO::get_CurrentHat()</Name>
              <FileRef uid="16" />
              <SequencePoints>
                <SequencePoint vc="2" uspid="6404" ordinal="0" offset="0" sl="42" sc="13" el="42" ec="13" bec="0" bev="0" fileid="16" />
                <SequencePoint vc="2" uspid="6405" ordinal="0" offset="1" sl="42" sc="15" el="42" ec="15" bec="0" bev="0" fileid="16" />
                <SequencePoint vc="2" uspid="6406" ordinal="0" offset="10" sl="42" sc="34" el="42" ec="34" bec="0" bev="0" fileid="16" />
              </SequencePoints>
              <BranchPoints />
            </Method>
            <Method visited="true" cyclomaticComplexity="0" nPathComplexity="0" sequenceCoverage="100.0" branchCoverage="0" crapScore="0" isConstructor="false" isStatic="false" isGetter="false" isSetter="true">
              <Summary numSequencePoints="3" visitedSequencePoints="3" numBranchPoints="0" visitedBranchPoints="0" sequenceCoverage="100.0" branchCoverage="0" maxCyclomaticComplexity="0" minCyclomaticComplexity="0" maxCrapScore="0" minCrapScore="0" visitedClasses="0" numClasses="0" visitedMethods="1" numMethods="1" />
              <MetadataToken>100663440</MetadataToken>
              <Name>System.Void CarsettingsSO::set_CurrentHat(System.Int32)</Name>
              <FileRef uid="16" />
              <SequencePoints>
                <SequencePoint vc="3" uspid="6407" ordinal="0" offset="0" sl="43" sc="13" el="43" ec="13" bec="0" bev="0" fileid="16" />
                <SequencePoint vc="3" uspid="6408" ordinal="0" offset="1" sl="43" sc="15" el="43" ec="15" bec="0" bev="0" fileid="16" />
                <SequencePoint vc="3" uspid="6409" ordinal="0" offset="8" sl="43" sc="35" el="43" ec="35" bec="0" bev="0" fileid="16" />
              </SequencePoints>
              <BranchPoints />
            </Method>
            <Method visited="true" cyclomaticComplexity="0" nPathComplexity="0" sequenceCoverage="100.0" branchCoverage="0" crapScore="0" isConstructor="false" isStatic="false" isGetter="true" isSetter="false">
              <Summary numSequencePoints="3" visitedSequencePoints="3" numBranchPoints="0" visitedBranchPoints="0" sequenceCoverage="100.0" branchCoverage="0" maxCyclomaticComplexity="0" minCyclomaticComplexity="0" maxCrapScore="0" minCrapScore="0" visitedClasses="0" numClasses="0" visitedMethods="1" numMethods="1" />
              <MetadataToken>100663441</MetadataToken>
              <Name>System.String CarsettingsSO::get_SettingsKey()</Name>
              <FileRef uid="16" />
              <SequencePoints>
                <SequencePoint vc="3" uspid="6410" ordinal="0" offset="0" sl="47" sc="13" el="47" ec="13" bec="0" bev="0" fileid="16" />
                <SequencePoint vc="3" uspid="6411" ordinal="0" offset="1" sl="47" sc="15" el="47" ec="15" bec="0" bev="0" fileid="16" />
                <SequencePoint vc="3" uspid="6412" ordinal="0" offset="10" sl="47" sc="35" el="47" ec="35" bec="0" bev="0" fileid="16" />
              </SequencePoints>
              <BranchPoints />
            </Method>
            <Method visited="true" cyclomaticComplexity="0" nPathComplexity="0" sequenceCoverage="100.0" branchCoverage="0" crapScore="0" isConstructor="false" isStatic="false" isGetter="false" isSetter="true">
              <Summary numSequencePoints="3" visitedSequencePoints="3" numBranchPoints="0" visitedBranchPoints="0" sequenceCoverage="100.0" branchCoverage="0" maxCyclomaticComplexity="0" minCyclomaticComplexity="0" maxCrapScore="0" minCrapScore="0" visitedClasses="0" numClasses="0" visitedMethods="1" numMethods="1" />
              <MetadataToken>100663442</MetadataToken>
              <Name>System.Void CarsettingsSO::set_SettingsKey(System.String)</Name>
              <FileRef uid="16" />
              <SequencePoints>
                <SequencePoint vc="2" uspid="6413" ordinal="0" offset="0" sl="48" sc="13" el="48" ec="13" bec="0" bev="0" fileid="16" />
                <SequencePoint vc="2" uspid="6414" ordinal="0" offset="1" sl="48" sc="15" el="48" ec="15" bec="0" bev="0" fileid="16" />
                <SequencePoint vc="2" uspid="6415" ordinal="0" offset="8" sl="48" sc="36" el="48" ec="36" bec="0" bev="0" fileid="16" />
              </SequencePoints>
              <BranchPoints />
            </Method>
            <Method visited="true" cyclomaticComplexity="0" nPathComplexity="0" sequenceCoverage="100.0" branchCoverage="0" crapScore="0" isConstructor="false" isStatic="false" isGetter="true" isSetter="false">
              <Summary numSequencePoints="3" visitedSequencePoints="3" numBranchPoints="0" visitedBranchPoints="0" sequenceCoverage="100.0" branchCoverage="0" maxCyclomaticComplexity="0" minCyclomaticComplexity="0" maxCrapScore="0" minCrapScore="0" visitedClasses="0" numClasses="0" visitedMethods="1" numMethods="1" />
              <MetadataToken>100663443</MetadataToken>
              <Name>System.Boolean CarsettingsSO::get_CustomCar()</Name>
              <FileRef uid="16" />
              <SequencePoints>
                <SequencePoint vc="3" uspid="6416" ordinal="0" offset="0" sl="52" sc="13" el="52" ec="13" bec="0" bev="0" fileid="16" />
                <SequencePoint vc="3" uspid="6417" ordinal="0" offset="1" sl="52" sc="15" el="52" ec="15" bec="0" bev="0" fileid="16" />
                <SequencePoint vc="3" uspid="6418" ordinal="0" offset="10" sl="52" sc="33" el="52" ec="33" bec="0" bev="0" fileid="16" />
              </SequencePoints>
              <BranchPoints />
            </Method>
            <Method visited="true" cyclomaticComplexity="0" nPathComplexity="0" sequenceCoverage="100.0" branchCoverage="0" crapScore="0" isConstructor="false" isStatic="false" isGetter="false" isSetter="true">
              <Summary numSequencePoints="3" visitedSequencePoints="3" numBranchPoints="0" visitedBranchPoints="0" sequenceCoverage="100.0" branchCoverage="0" maxCyclomaticComplexity="0" minCyclomaticComplexity="0" maxCrapScore="0" minCrapScore="0" visitedClasses="0" numClasses="0" visitedMethods="1" numMethods="1" />
              <MetadataToken>100663444</MetadataToken>
              <Name>System.Void CarsettingsSO::set_CustomCar(System.Boolean)</Name>
              <FileRef uid="16" />
              <SequencePoints>
                <SequencePoint vc="2" uspid="6419" ordinal="0" offset="0" sl="53" sc="13" el="53" ec="13" bec="0" bev="0" fileid="16" />
                <SequencePoint vc="2" uspid="6420" ordinal="0" offset="1" sl="53" sc="15" el="53" ec="15" bec="0" bev="0" fileid="16" />
                <SequencePoint vc="2" uspid="6421" ordinal="0" offset="8" sl="53" sc="34" el="53" ec="34" bec="0" bev="0" fileid="16" />
              </SequencePoints>
              <BranchPoints />
            </Method>
          </Methods>
        </Class>
        <Class>
          <Summary numSequencePoints="6" visitedSequencePoints="6" numBranchPoints="0" visitedBranchPoints="0" sequenceCoverage="100.0" branchCoverage="0.0" maxCyclomaticComplexity="0" minCyclomaticComplexity="0" maxCrapScore="0" minCrapScore="0" visitedClasses="1" numClasses="1" visitedMethods="2" numMethods="2" />
          <FullName>CurrentscoreSO</FullName>
          <Methods>
            <Method visited="true" cyclomaticComplexity="0" nPathComplexity="0" sequenceCoverage="100.0" branchCoverage="0" crapScore="0" isConstructor="false" isStatic="false" isGetter="true" isSetter="false">
              <Summary numSequencePoints="3" visitedSequencePoints="3" numBranchPoints="0" visitedBranchPoints="0" sequenceCoverage="100.0" branchCoverage="0" maxCyclomaticComplexity="0" minCyclomaticComplexity="0" maxCrapScore="0" minCrapScore="0" visitedClasses="0" numClasses="0" visitedMethods="1" numMethods="1" />
              <MetadataToken>100663446</MetadataToken>
              <Name>System.Single CurrentscoreSO::get_CurrentScore()</Name>
              <FileRef uid="17" />
              <SequencePoints>
                <SequencePoint vc="4" uspid="6422" ordinal="0" offset="0" sl="13" sc="13" el="13" ec="13" bec="0" bev="0" fileid="17" />
                <SequencePoint vc="4" uspid="6423" ordinal="0" offset="1" sl="13" sc="15" el="13" ec="15" bec="0" bev="0" fileid="17" />
                <SequencePoint vc="4" uspid="6424" ordinal="0" offset="10" sl="13" sc="37" el="13" ec="37" bec="0" bev="0" fileid="17" />
              </SequencePoints>
              <BranchPoints />
            </Method>
            <Method visited="true" cyclomaticComplexity="0" nPathComplexity="0" sequenceCoverage="100.0" branchCoverage="0" crapScore="0" isConstructor="false" isStatic="false" isGetter="false" isSetter="true">
              <Summary numSequencePoints="3" visitedSequencePoints="3" numBranchPoints="0" visitedBranchPoints="0" sequenceCoverage="100.0" branchCoverage="0" maxCyclomaticComplexity="0" minCyclomaticComplexity="0" maxCrapScore="0" minCrapScore="0" visitedClasses="0" numClasses="0" visitedMethods="1" numMethods="1" />
              <MetadataToken>100663447</MetadataToken>
              <Name>System.Void CurrentscoreSO::set_CurrentScore(System.Single)</Name>
              <FileRef uid="17" />
              <SequencePoints>
                <SequencePoint vc="1" uspid="6425" ordinal="0" offset="0" sl="14" sc="13" el="14" ec="13" bec="0" bev="0" fileid="17" />
                <SequencePoint vc="1" uspid="6426" ordinal="0" offset="1" sl="14" sc="15" el="14" ec="15" bec="0" bev="0" fileid="17" />
                <SequencePoint vc="1" uspid="6427" ordinal="0" offset="8" sl="14" sc="38" el="14" ec="38" bec="0" bev="0" fileid="17" />
              </SequencePoints>
              <BranchPoints />
            </Method>
          </Methods>
        </Class>
        <Class>
          <Summary numSequencePoints="3" visitedSequencePoints="3" numBranchPoints="0" visitedBranchPoints="0" sequenceCoverage="100.0" branchCoverage="0.0" maxCyclomaticComplexity="0" minCyclomaticComplexity="0" maxCrapScore="0" minCrapScore="0" visitedClasses="1" numClasses="1" visitedMethods="1" numMethods="1" />
          <FullName>FloatSO</FullName>
          <Methods>
            <Method visited="true" cyclomaticComplexity="0" nPathComplexity="0" sequenceCoverage="100.0" branchCoverage="0" crapScore="0" isConstructor="false" isStatic="false" isGetter="false" isSetter="true">
              <Summary numSequencePoints="3" visitedSequencePoints="3" numBranchPoints="0" visitedBranchPoints="0" sequenceCoverage="100.0" branchCoverage="0" maxCyclomaticComplexity="0" minCyclomaticComplexity="0" maxCrapScore="0" minCrapScore="0" visitedClasses="0" numClasses="0" visitedMethods="1" numMethods="1" />
              <MetadataToken>100663450</MetadataToken>
              <Name>System.Void FloatSO::set_Value(System.Int32)</Name>
              <FileRef uid="18" />
              <SequencePoints>
                <SequencePoint vc="1" uspid="6431" ordinal="0" offset="0" sl="14" sc="13" el="14" ec="13" bec="0" bev="0" fileid="18" />
                <SequencePoint vc="1" uspid="6432" ordinal="0" offset="1" sl="14" sc="15" el="14" ec="15" bec="0" bev="0" fileid="18" />
                <SequencePoint vc="1" uspid="6433" ordinal="0" offset="8" sl="14" sc="31" el="14" ec="31" bec="0" bev="0" fileid="18" />
              </SequencePoints>
              <BranchPoints />
            </Method>
          </Methods>
        </Class>
        <Class>
          <Summary numSequencePoints="3" visitedSequencePoints="3" numBranchPoints="0" visitedBranchPoints="0" sequenceCoverage="100.0" branchCoverage="0.0" maxCyclomaticComplexity="0" minCyclomaticComplexity="0" maxCrapScore="0" minCrapScore="0" visitedClasses="1" numClasses="1" visitedMethods="1" numMethods="1" />
          <FullName>GhostsSO</FullName>
          <Methods>
            <Method visited="true" cyclomaticComplexity="0" nPathComplexity="0" sequenceCoverage="100.0" branchCoverage="0" crapScore="0" isConstructor="false" isStatic="false" isGetter="true" isSetter="false">
              <Summary numSequencePoints="3" visitedSequencePoints="3" numBranchPoints="0" visitedBranchPoints="0" sequenceCoverage="100.0" branchCoverage="0" maxCyclomaticComplexity="0" minCyclomaticComplexity="0" maxCrapScore="0" minCrapScore="0" visitedClasses="0" numClasses="0" visitedMethods="1" numMethods="1" />
              <MetadataToken>100663452</MetadataToken>
              <Name>System.Collections.Generic.List[Int32] GhostsSO::get_GhostIds()</Name>
              <FileRef uid="19" />
              <SequencePoints>
                <SequencePoint vc="1" uspid="6434" ordinal="0" offset="0" sl="18" sc="13" el="18" ec="13" bec="0" bev="0" fileid="19" />
                <SequencePoint vc="1" uspid="6435" ordinal="0" offset="1" sl="18" sc="15" el="18" ec="15" bec="0" bev="0" fileid="19" />
                <SequencePoint vc="1" uspid="6436" ordinal="0" offset="10" sl="18" sc="31" el="18" ec="31" bec="0" bev="0" fileid="19" />
              </SequencePoints>
              <BranchPoints />
            </Method>
          </Methods>
        </Class>
        <Class>
          <Summary numSequencePoints="6" visitedSequencePoints="6" numBranchPoints="0" visitedBranchPoints="0" sequenceCoverage="100.0" branchCoverage="0.0" maxCyclomaticComplexity="0" minCyclomaticComplexity="0" maxCrapScore="0" minCrapScore="0" visitedClasses="1" numClasses="1" visitedMethods="2" numMethods="2" />
          <FullName>ScoresSO</FullName>
          <Methods>
            <Method visited="true" cyclomaticComplexity="0" nPathComplexity="0" sequenceCoverage="100.0" branchCoverage="0" crapScore="0" isConstructor="false" isStatic="false" isGetter="false" isSetter="true">
              <Summary numSequencePoints="3" visitedSequencePoints="3" numBranchPoints="0" visitedBranchPoints="0" sequenceCoverage="100.0" branchCoverage="0" maxCyclomaticComplexity="0" minCyclomaticComplexity="0" maxCrapScore="0" minCrapScore="0" visitedClasses="0" numClasses="0" visitedMethods="1" numMethods="1" />
              <MetadataToken>100663458</MetadataToken>
              <Name>System.Void ScoresSO::set_Names(System.Collections.Generic.List[String])</Name>
              <FileRef uid="20" />
              <SequencePoints>
                <SequencePoint vc="9" uspid="6449" ordinal="0" offset="0" sl="19" sc="13" el="19" ec="13" bec="0" bev="0" fileid="20" />
                <SequencePoint vc="9" uspid="6450" ordinal="0" offset="1" sl="19" sc="15" el="19" ec="15" bec="0" bev="0" fileid="20" />
                <SequencePoint vc="9" uspid="6451" ordinal="0" offset="8" sl="19" sc="31" el="19" ec="31" bec="0" bev="0" fileid="20" />
              </SequencePoints>
              <BranchPoints />
            </Method>
            <Method visited="true" cyclomaticComplexity="0" nPathComplexity="0" sequenceCoverage="100.0" branchCoverage="0" crapScore="0" isConstructor="false" isStatic="false" isGetter="false" isSetter="true">
              <Summary numSequencePoints="3" visitedSequencePoints="3" numBranchPoints="0" visitedBranchPoints="0" sequenceCoverage="100.0" branchCoverage="0" maxCyclomaticComplexity="0" minCyclomaticComplexity="0" maxCrapScore="0" minCrapScore="0" visitedClasses="0" numClasses="0" visitedMethods="1" numMethods="1" />
              <MetadataToken>100663460</MetadataToken>
              <Name>System.Void ScoresSO::set_Values(System.Collections.Generic.List[String])</Name>
              <FileRef uid="20" />
              <SequencePoints>
                <SequencePoint vc="9" uspid="6455" ordinal="0" offset="0" sl="25" sc="13" el="25" ec="13" bec="0" bev="0" fileid="20" />
                <SequencePoint vc="9" uspid="6456" ordinal="0" offset="1" sl="25" sc="15" el="25" ec="15" bec="0" bev="0" fileid="20" />
                <SequencePoint vc="9" uspid="6457" ordinal="0" offset="8" sl="25" sc="32" el="25" ec="32" bec="0" bev="0" fileid="20" />
              </SequencePoints>
              <BranchPoints />
            </Method>
          </Methods>
        </Class>
        <Class>
          <Summary numSequencePoints="5" visitedSequencePoints="4" numBranchPoints="0" visitedBranchPoints="0" sequenceCoverage="80.00" branchCoverage="0.0" maxCyclomaticComplexity="0" minCyclomaticComplexity="0" maxCrapScore="0" minCrapScore="0" visitedClasses="1" numClasses="1" visitedMethods="1" numMethods="1" />
          <FullName>AmbientClass</FullName>
          <Methods>
            <Method visited="true" cyclomaticComplexity="0" nPathComplexity="0" sequenceCoverage="80.00" branchCoverage="0" crapScore="0" isConstructor="false" isStatic="false" isGetter="false" isSetter="false">
              <Summary numSequencePoints="5" visitedSequencePoints="4" numBranchPoints="0" visitedBranchPoints="0" sequenceCoverage="80.00" branchCoverage="0" maxCyclomaticComplexity="0" minCyclomaticComplexity="0" maxCrapScore="0" minCrapScore="0" visitedClasses="0" numClasses="0" visitedMethods="1" numMethods="1" />
              <MetadataToken>100663463</MetadataToken>
              <Name>System.Void AmbientClass::PlayAmbientMusic()</Name>
              <FileRef uid="21" />
              <SequencePoints>
                <SequencePoint vc="1" uspid="6463" ordinal="0" offset="0" sl="23" sc="5" el="23" ec="5" bec="0" bev="0" fileid="21" />
                <SequencePoint vc="1" uspid="6464" ordinal="0" offset="1" sl="24" sc="9" el="24" ec="9" bec="0" bev="0" fileid="21" />
                <SequencePoint vc="0" uspid="6465" ordinal="0" offset="16" sl="24" sc="44" el="24" ec="44" bec="0" bev="0" fileid="21" />
                <SequencePoint vc="1" uspid="6466" ordinal="0" offset="18" sl="25" sc="9" el="25" ec="9" bec="0" bev="0" fileid="21" />
                <SequencePoint vc="1" uspid="6467" ordinal="0" offset="30" sl="27" sc="5" el="27" ec="5" bec="0" bev="0" fileid="21" />
              </SequencePoints>
              <BranchPoints />
            </Method>
          </Methods>
        </Class>
        <Class>
          <Summary numSequencePoints="20" visitedSequencePoints="16" numBranchPoints="0" visitedBranchPoints="0" sequenceCoverage="80.00" branchCoverage="0.0" maxCyclomaticComplexity="0" minCyclomaticComplexity="0" maxCrapScore="0" minCrapScore="0" visitedClasses="1" numClasses="1" visitedMethods="2" numMethods="2" />
          <FullName>CarMusicClass</FullName>
          <Methods>
            <Method visited="true" cyclomaticComplexity="0" nPathComplexity="0" sequenceCoverage="80.00" branchCoverage="0" crapScore="0" isConstructor="false" isStatic="false" isGetter="false" isSetter="false">
              <Summary numSequencePoints="15" visitedSequencePoints="12" numBranchPoints="0" visitedBranchPoints="0" sequenceCoverage="80.00" branchCoverage="0" maxCyclomaticComplexity="0" minCyclomaticComplexity="0" maxCrapScore="0" minCrapScore="0" visitedClasses="0" numClasses="0" visitedMethods="1" numMethods="1" />
              <MetadataToken>100663469</MetadataToken>
              <Name>System.Void CarMusicClass::Update()</Name>
              <FileRef uid="23" />
              <SequencePoints>
                <SequencePoint vc="2256" uspid="6495" ordinal="0" offset="0" sl="25" sc="5" el="25" ec="5" bec="0" bev="0" fileid="23" />
                <SequencePoint vc="2256" uspid="6496" ordinal="0" offset="1" sl="26" sc="9" el="26" ec="9" bec="0" bev="0" fileid="23" />
                <SequencePoint vc="1435" uspid="6497" ordinal="0" offset="44" sl="26" sc="110" el="26" ec="110" bec="0" bev="0" fileid="23" />
                <SequencePoint vc="1435" uspid="6498" ordinal="0" offset="45" sl="27" sc="13" el="27" ec="13" bec="0" bev="0" fileid="23" />
                <SequencePoint vc="1" uspid="6499" ordinal="0" offset="61" sl="27" sc="33" el="27" ec="33" bec="0" bev="0" fileid="23" />
                <SequencePoint vc="1435" uspid="6500" ordinal="0" offset="82" sl="29" sc="13" el="29" ec="13" bec="0" bev="0" fileid="23" />
                <SequencePoint vc="0" uspid="6501" ordinal="0" offset="97" sl="30" sc="13" el="30" ec="13" bec="0" bev="0" fileid="23" />
                <SequencePoint vc="0" uspid="6502" ordinal="0" offset="98" sl="32" sc="17" el="32" ec="17" bec="0" bev="0" fileid="23" />
                <SequencePoint vc="0" uspid="6503" ordinal="0" offset="105" sl="33" sc="13" el="33" ec="13" bec="0" bev="0" fileid="23" />
                <SequencePoint vc="1435" uspid="6504" ordinal="0" offset="108" sl="34" sc="13" el="34" ec="13" bec="0" bev="0" fileid="23" />
                <SequencePoint vc="1435" uspid="6505" ordinal="0" offset="109" sl="35" sc="17" el="35" ec="17" bec="0" bev="0" fileid="23" />
                <SequencePoint vc="1435" uspid="6506" ordinal="0" offset="132" sl="36" sc="17" el="36" ec="17" bec="0" bev="0" fileid="23" />
                <SequencePoint vc="1435" uspid="6507" ordinal="0" offset="150" sl="37" sc="13" el="37" ec="13" bec="0" bev="0" fileid="23" />
                <SequencePoint vc="1435" uspid="6508" ordinal="0" offset="151" sl="40" sc="9" el="40" ec="9" bec="0" bev="0" fileid="23" />
                <SequencePoint vc="2256" uspid="6509" ordinal="0" offset="152" sl="42" sc="5" el="42" ec="5" bec="0" bev="0" fileid="23" />
              </SequencePoints>
              <BranchPoints />
            </Method>
            <Method visited="true" cyclomaticComplexity="0" nPathComplexity="0" sequenceCoverage="80.00" branchCoverage="0" crapScore="0" isConstructor="false" isStatic="false" isGetter="false" isSetter="false">
              <Summary numSequencePoints="5" visitedSequencePoints="4" numBranchPoints="0" visitedBranchPoints="0" sequenceCoverage="80.00" branchCoverage="0" maxCyclomaticComplexity="0" minCyclomaticComplexity="0" maxCrapScore="0" minCrapScore="0" visitedClasses="0" numClasses="0" visitedMethods="1" numMethods="1" />
              <MetadataToken>100663470</MetadataToken>
              <Name>System.Void CarMusicClass::PlayCarMusic()</Name>
              <FileRef uid="23" />
              <SequencePoints>
                <SequencePoint vc="1" uspid="6510" ordinal="0" offset="0" sl="45" sc="5" el="45" ec="5" bec="0" bev="0" fileid="23" />
                <SequencePoint vc="1" uspid="6511" ordinal="0" offset="1" sl="46" sc="9" el="46" ec="9" bec="0" bev="0" fileid="23" />
                <SequencePoint vc="0" uspid="6512" ordinal="0" offset="16" sl="46" sc="37" el="46" ec="37" bec="0" bev="0" fileid="23" />
                <SequencePoint vc="1" uspid="6513" ordinal="0" offset="18" sl="47" sc="9" el="47" ec="9" bec="0" bev="0" fileid="23" />
                <SequencePoint vc="1" uspid="6514" ordinal="0" offset="30" sl="49" sc="5" el="49" ec="5" bec="0" bev="0" fileid="23" />
              </SequencePoints>
              <BranchPoints />
            </Method>
          </Methods>
        </Class>
        <Class>
          <Summary numSequencePoints="82" visitedSequencePoints="36" numBranchPoints="0" visitedBranchPoints="0" sequenceCoverage="43.90" branchCoverage="0.0" maxCyclomaticComplexity="0" minCyclomaticComplexity="0" maxCrapScore="0" minCrapScore="0" visitedClasses="1" numClasses="1" visitedMethods="3" numMethods="3" />
          <FullName>Score</FullName>
          <Methods>
            <Method visited="true" cyclomaticComplexity="0" nPathComplexity="0" sequenceCoverage="100.0" branchCoverage="0" crapScore="0" isConstructor="false" isStatic="false" isGetter="false" isSetter="false">
              <Summary numSequencePoints="5" visitedSequencePoints="5" numBranchPoints="0" visitedBranchPoints="0" sequenceCoverage="100.0" branchCoverage="0" maxCyclomaticComplexity="0" minCyclomaticComplexity="0" maxCrapScore="0" minCrapScore="0" visitedClasses="0" numClasses="0" visitedMethods="1" numMethods="1" />
              <MetadataToken>100663482</MetadataToken>
              <Name>System.Void Score::Awake()</Name>
              <FileRef uid="26" />
              <SequencePoints>
                <SequencePoint vc="1" uspid="6553" ordinal="0" offset="0" sl="35" sc="2" el="35" ec="2" bec="0" bev="0" fileid="26" />
                <SequencePoint vc="1" uspid="6554" ordinal="0" offset="1" sl="36" sc="3" el="36" ec="3" bec="0" bev="0" fileid="26" />
                <SequencePoint vc="1" uspid="6555" ordinal="0" offset="37" sl="37" sc="3" el="37" ec="3" bec="0" bev="0" fileid="26" />
                <SequencePoint vc="1" uspid="6556" ordinal="0" offset="73" sl="38" sc="3" el="38" ec="3" bec="0" bev="0" fileid="26" />
                <SequencePoint vc="1" uspid="6557" ordinal="0" offset="109" sl="39" sc="2" el="39" ec="2" bec="0" bev="0" fileid="26" />
              </SequencePoints>
              <BranchPoints />
            </Method>
            <Method visited="true" cyclomaticComplexity="0" nPathComplexity="0" sequenceCoverage="28.12" branchCoverage="0" crapScore="0" isConstructor="false" isStatic="false" isGetter="false" isSetter="false">
              <Summary numSequencePoints="64" visitedSequencePoints="18" numBranchPoints="0" visitedBranchPoints="0" sequenceCoverage="28.12" branchCoverage="0" maxCyclomaticComplexity="0" minCyclomaticComplexity="0" maxCrapScore="0" minCrapScore="0" visitedClasses="0" numClasses="0" visitedMethods="1" numMethods="1" />
              <MetadataToken>100663483</MetadataToken>
              <Name>System.Void Score::FixedUpdate()</Name>
              <FileRef uid="26" />
              <SequencePoints>
                <SequencePoint vc="496" uspid="6558" ordinal="0" offset="0" sl="42" sc="2" el="42" ec="2" bec="0" bev="0" fileid="26" />
                <SequencePoint vc="496" uspid="6559" ordinal="0" offset="1" sl="43" sc="3" el="43" ec="3" bec="0" bev="0" fileid="26" />
                <SequencePoint vc="1" uspid="6560" ordinal="0" offset="17" sl="44" sc="3" el="44" ec="3" bec="0" bev="0" fileid="26" />
                <SequencePoint vc="1" uspid="6561" ordinal="0" offset="18" sl="45" sc="4" el="45" ec="4" bec="0" bev="0" fileid="26" />
                <SequencePoint vc="1" uspid="6562" ordinal="0" offset="29" sl="46" sc="3" el="46" ec="3" bec="0" bev="0" fileid="26" />
                <SequencePoint vc="496" uspid="6563" ordinal="0" offset="30" sl="47" sc="3" el="47" ec="3" bec="0" bev="0" fileid="26" />
                <SequencePoint vc="0" uspid="6564" ordinal="0" offset="46" sl="48" sc="3" el="48" ec="3" bec="0" bev="0" fileid="26" />
                <SequencePoint vc="0" uspid="6565" ordinal="0" offset="47" sl="49" sc="4" el="49" ec="4" bec="0" bev="0" fileid="26" />
                <SequencePoint vc="0" uspid="6566" ordinal="0" offset="58" sl="50" sc="3" el="50" ec="3" bec="0" bev="0" fileid="26" />
                <SequencePoint vc="496" uspid="6567" ordinal="0" offset="59" sl="51" sc="3" el="51" ec="3" bec="0" bev="0" fileid="26" />
                <SequencePoint vc="0" uspid="6568" ordinal="0" offset="75" sl="51" sc="26" el="51" ec="26" bec="0" bev="0" fileid="26" />
                <SequencePoint vc="496" uspid="6569" ordinal="0" offset="86" sl="53" sc="3" el="53" ec="3" bec="0" bev="0" fileid="26" />
                <SequencePoint vc="0" uspid="6570" ordinal="0" offset="108" sl="54" sc="9" el="54" ec="9" bec="0" bev="0" fileid="26" />
                <SequencePoint vc="0" uspid="6571" ordinal="0" offset="109" sl="55" sc="4" el="55" ec="4" bec="0" bev="0" fileid="26" />
                <SequencePoint vc="0" uspid="6572" ordinal="0" offset="126" sl="56" sc="4" el="56" ec="4" bec="0" bev="0" fileid="26" />
                <SequencePoint vc="0" uspid="6573" ordinal="0" offset="127" sl="57" sc="5" el="57" ec="5" bec="0" bev="0" fileid="26" />
                <SequencePoint vc="0" uspid="6574" ordinal="0" offset="140" sl="58" sc="4" el="58" ec="4" bec="0" bev="0" fileid="26" />
                <SequencePoint vc="0" uspid="6575" ordinal="0" offset="141" sl="60" sc="4" el="60" ec="4" bec="0" bev="0" fileid="26" />
                <SequencePoint vc="0" uspid="6576" ordinal="0" offset="177" sl="61" sc="4" el="61" ec="4" bec="0" bev="0" fileid="26" />
                <SequencePoint vc="0" uspid="6577" ordinal="0" offset="178" sl="62" sc="5" el="62" ec="5" bec="0" bev="0" fileid="26" />
                <SequencePoint vc="0" uspid="6578" ordinal="0" offset="198" sl="63" sc="6" el="63" ec="6" bec="0" bev="0" fileid="26" />
                <SequencePoint vc="0" uspid="6579" ordinal="0" offset="207" sl="64" sc="10" el="64" ec="10" bec="0" bev="0" fileid="26" />
                <SequencePoint vc="0" uspid="6580" ordinal="0" offset="214" sl="65" sc="4" el="65" ec="4" bec="0" bev="0" fileid="26" />
                <SequencePoint vc="0" uspid="6581" ordinal="0" offset="217" sl="66" sc="9" el="66" ec="9" bec="0" bev="0" fileid="26" />
                <SequencePoint vc="0" uspid="6582" ordinal="0" offset="237" sl="67" sc="4" el="67" ec="4" bec="0" bev="0" fileid="26" />
                <SequencePoint vc="0" uspid="6583" ordinal="0" offset="238" sl="69" sc="5" el="69" ec="5" bec="0" bev="0" fileid="26" />
                <SequencePoint vc="0" uspid="6584" ordinal="0" offset="245" sl="71" sc="4" el="71" ec="4" bec="0" bev="0" fileid="26" />
                <SequencePoint vc="0" uspid="6585" ordinal="0" offset="246" sl="73" sc="4" el="73" ec="4" bec="0" bev="0" fileid="26" />
                <SequencePoint vc="0" uspid="6586" ordinal="0" offset="286" sl="74" sc="4" el="74" ec="4" bec="0" bev="0" fileid="26" />
                <SequencePoint vc="0" uspid="6587" ordinal="0" offset="287" sl="75" sc="5" el="75" ec="5" bec="0" bev="0" fileid="26" />
                <SequencePoint vc="0" uspid="6588" ordinal="0" offset="294" sl="76" sc="5" el="76" ec="5" bec="0" bev="0" fileid="26" />
                <SequencePoint vc="0" uspid="6589" ordinal="0" offset="301" sl="77" sc="4" el="77" ec="4" bec="0" bev="0" fileid="26" />
                <SequencePoint vc="0" uspid="6590" ordinal="0" offset="302" sl="78" sc="3" el="78" ec="3" bec="0" bev="0" fileid="26" />
                <SequencePoint vc="496" uspid="6591" ordinal="0" offset="303" sl="81" sc="3" el="81" ec="3" bec="0" bev="0" fileid="26" />
                <SequencePoint vc="496" uspid="6592" ordinal="0" offset="326" sl="82" sc="3" el="82" ec="3" bec="0" bev="0" fileid="26" />
                <SequencePoint vc="496" uspid="6593" ordinal="0" offset="327" sl="83" sc="4" el="83" ec="4" bec="0" bev="0" fileid="26" />
                <SequencePoint vc="0" uspid="6594" ordinal="0" offset="345" sl="84" sc="4" el="84" ec="4" bec="0" bev="0" fileid="26" />
                <SequencePoint vc="0" uspid="6595" ordinal="0" offset="346" sl="85" sc="5" el="85" ec="5" bec="0" bev="0" fileid="26" />
                <SequencePoint vc="0" uspid="6596" ordinal="0" offset="357" sl="86" sc="4" el="86" ec="4" bec="0" bev="0" fileid="26" />
                <SequencePoint vc="496" uspid="6597" ordinal="0" offset="358" sl="87" sc="4" el="87" ec="4" bec="0" bev="0" fileid="26" />
                <SequencePoint vc="0" uspid="6598" ordinal="0" offset="376" sl="88" sc="4" el="88" ec="4" bec="0" bev="0" fileid="26" />
                <SequencePoint vc="0" uspid="6599" ordinal="0" offset="377" sl="89" sc="5" el="89" ec="5" bec="0" bev="0" fileid="26" />
                <SequencePoint vc="0" uspid="6600" ordinal="0" offset="388" sl="90" sc="4" el="90" ec="4" bec="0" bev="0" fileid="26" />
                <SequencePoint vc="496" uspid="6601" ordinal="0" offset="389" sl="92" sc="4" el="92" ec="4" bec="0" bev="0" fileid="26" />
                <SequencePoint vc="0" uspid="6602" ordinal="0" offset="407" sl="92" sc="27" el="92" ec="27" bec="0" bev="0" fileid="26" />
                <SequencePoint vc="496" uspid="6603" ordinal="0" offset="418" sl="93" sc="4" el="93" ec="4" bec="0" bev="0" fileid="26" />
                <SequencePoint vc="496" uspid="6604" ordinal="0" offset="464" sl="94" sc="4" el="94" ec="4" bec="0" bev="0" fileid="26" />
                <SequencePoint vc="496" uspid="6605" ordinal="0" offset="511" sl="96" sc="3" el="96" ec="3" bec="0" bev="0" fileid="26" />
                <SequencePoint vc="496" uspid="6606" ordinal="0" offset="512" sl="97" sc="3" el="97" ec="3" bec="0" bev="0" fileid="26" />
                <SequencePoint vc="0" uspid="6607" ordinal="0" offset="532" sl="98" sc="9" el="98" ec="9" bec="0" bev="0" fileid="26" />
                <SequencePoint vc="0" uspid="6608" ordinal="0" offset="533" sl="99" sc="4" el="99" ec="4" bec="0" bev="0" fileid="26" />
                <SequencePoint vc="0" uspid="6609" ordinal="0" offset="550" sl="99" sc="25" el="99" ec="25" bec="0" bev="0" fileid="26" />
                <SequencePoint vc="0" uspid="6610" ordinal="0" offset="574" sl="100" sc="9" el="100" ec="9" bec="0" bev="0" fileid="26" />
                <SequencePoint vc="0" uspid="6611" ordinal="0" offset="594" sl="100" sc="31" el="100" ec="31" bec="0" bev="0" fileid="26" />
                <SequencePoint vc="0" uspid="6612" ordinal="0" offset="616" sl="102" sc="4" el="102" ec="4" bec="0" bev="0" fileid="26" />
                <SequencePoint vc="0" uspid="6613" ordinal="0" offset="634" sl="103" sc="4" el="103" ec="4" bec="0" bev="0" fileid="26" />
                <SequencePoint vc="0" uspid="6614" ordinal="0" offset="653" sl="106" sc="4" el="106" ec="4" bec="0" bev="0" fileid="26" />
                <SequencePoint vc="0" uspid="6615" ordinal="0" offset="668" sl="107" sc="13" el="107" ec="13" bec="0" bev="0" fileid="26" />
                <SequencePoint vc="0" uspid="6616" ordinal="0" offset="669" sl="109" sc="5" el="109" ec="5" bec="0" bev="0" fileid="26" />
                <SequencePoint vc="0" uspid="6617" ordinal="0" offset="676" sl="110" sc="5" el="110" ec="5" bec="0" bev="0" fileid="26" />
                <SequencePoint vc="0" uspid="6618" ordinal="0" offset="693" sl="111" sc="5" el="111" ec="5" bec="0" bev="0" fileid="26" />
                <SequencePoint vc="0" uspid="6619" ordinal="0" offset="706" sl="112" sc="13" el="112" ec="13" bec="0" bev="0" fileid="26" />
                <SequencePoint vc="0" uspid="6620" ordinal="0" offset="707" sl="113" sc="9" el="113" ec="9" bec="0" bev="0" fileid="26" />
                <SequencePoint vc="496" uspid="6621" ordinal="0" offset="708" sl="117" sc="2" el="117" ec="2" bec="0" bev="0" fileid="26" />
              </SequencePoints>
              <BranchPoints />
            </Method>
            <Method visited="true" cyclomaticComplexity="0" nPathComplexity="0" sequenceCoverage="100.0" branchCoverage="0" crapScore="0" isConstructor="true" isStatic="false" isGetter="false" isSetter="false">
              <Summary numSequencePoints="13" visitedSequencePoints="13" numBranchPoints="0" visitedBranchPoints="0" sequenceCoverage="100.0" branchCoverage="0" maxCyclomaticComplexity="0" minCyclomaticComplexity="0" maxCrapScore="0" minCrapScore="0" visitedClasses="0" numClasses="0" visitedMethods="1" numMethods="1" />
              <MetadataToken>100663489</MetadataToken>
              <Name>Score::Score()</Name>
              <FileRef uid="26" />
              <SequencePoints>
                <SequencePoint vc="1" uspid="6637" ordinal="0" offset="0" sl="18" sc="2" el="18" ec="2" bec="0" bev="0" fileid="26" />
                <SequencePoint vc="1" uspid="6638" ordinal="0" offset="7" sl="19" sc="2" el="19" ec="2" bec="0" bev="0" fileid="26" />
                <SequencePoint vc="1" uspid="6639" ordinal="0" offset="18" sl="20" sc="2" el="20" ec="2" bec="0" bev="0" fileid="26" />
                <SequencePoint vc="1" uspid="6640" ordinal="0" offset="29" sl="21" sc="2" el="21" ec="2" bec="0" bev="0" fileid="26" />
                <SequencePoint vc="1" uspid="6641" ordinal="0" offset="40" sl="22" sc="2" el="22" ec="2" bec="0" bev="0" fileid="26" />
                <SequencePoint vc="1" uspid="6642" ordinal="0" offset="51" sl="23" sc="2" el="23" ec="2" bec="0" bev="0" fileid="26" />
                <SequencePoint vc="1" uspid="6643" ordinal="0" offset="62" sl="24" sc="2" el="24" ec="2" bec="0" bev="0" fileid="26" />
                <SequencePoint vc="1" uspid="6644" ordinal="0" offset="73" sl="25" sc="2" el="25" ec="2" bec="0" bev="0" fileid="26" />
                <SequencePoint vc="1" uspid="6645" ordinal="0" offset="84" sl="26" sc="2" el="26" ec="2" bec="0" bev="0" fileid="26" />
                <SequencePoint vc="1" uspid="6646" ordinal="0" offset="95" sl="27" sc="2" el="27" ec="2" bec="0" bev="0" fileid="26" />
                <SequencePoint vc="1" uspid="6647" ordinal="0" offset="102" sl="29" sc="2" el="29" ec="2" bec="0" bev="0" fileid="26" />
                <SequencePoint vc="1" uspid="6648" ordinal="0" offset="109" sl="30" sc="2" el="30" ec="2" bec="0" bev="0" fileid="26" />
                <SequencePoint vc="1" uspid="6649" ordinal="0" offset="116" sl="31" sc="2" el="31" ec="2" bec="0" bev="0" fileid="26" />
              </SequencePoints>
              <BranchPoints />
            </Method>
          </Methods>
        </Class>
        <Class>
          <Summary numSequencePoints="34" visitedSequencePoints="32" numBranchPoints="0" visitedBranchPoints="0" sequenceCoverage="94.12" branchCoverage="0.0" maxCyclomaticComplexity="0" minCyclomaticComplexity="0" maxCrapScore="0" minCrapScore="0" visitedClasses="1" numClasses="1" visitedMethods="5" numMethods="5" />
          <FullName>cameraFollow</FullName>
          <Methods>
[...]
                <SequencePoint vc="2978" uspid="10077" ordinal="0" offset="29" sl="30" sc="9" el="30" ec="9" bec="0" bev="0" fileid="74" />
              </SequencePoints>
              <BranchPoints />
            </Method>
            <Method visited="true" cyclomaticComplexity="0" nPathComplexity="0" sequenceCoverage="100.0" branchCoverage="0" crapScore="0" isConstructor="false" isStatic="true" isGetter="false" isSetter="false">
              <Summary numSequencePoints="6" visitedSequencePoints="6" numBranchPoints="0" visitedBranchPoints="0" sequenceCoverage="100.0" branchCoverage="0" maxCyclomaticComplexity="0" minCyclomaticComplexity="0" maxCrapScore="0" minCrapScore="0" visitedClasses="0" numClasses="0" visitedMethods="1" numMethods="1" />
              <MetadataToken>100663414</MetadataToken>
              <Name>static UnityEngine.Vector3 PathCreation.Utility.MathUtility::TransformDirection(UnityEngine.Vector3, UnityEngine.Transform, PathCreation.PathSpace)</Name>
              <FileRef uid="74" />
              <SequencePoints>
                <SequencePoint vc="1984" uspid="10096" ordinal="0" offset="0" sl="53" sc="92" el="53" ec="92" bec="0" bev="0" fileid="74" />
                <SequencePoint vc="1984" uspid="10097" ordinal="0" offset="1" sl="54" sc="13" el="54" ec="13" bec="0" bev="0" fileid="74" />
                <SequencePoint vc="1984" uspid="10098" ordinal="0" offset="9" sl="55" sc="13" el="55" ec="13" bec="0" bev="0" fileid="74" />
                <SequencePoint vc="1984" uspid="10099" ordinal="0" offset="17" sl="56" sc="13" el="56" ec="13" bec="0" bev="0" fileid="74" />
                <SequencePoint vc="1984" uspid="10100" ordinal="0" offset="25" sl="57" sc="13" el="57" ec="13" bec="0" bev="0" fileid="74" />
                <SequencePoint vc="1984" uspid="10101" ordinal="0" offset="29" sl="58" sc="9" el="58" ec="9" bec="0" bev="0" fileid="74" />
              </SequencePoints>
              <BranchPoints />
            </Method>
            <Method visited="true" cyclomaticComplexity="0" nPathComplexity="0" sequenceCoverage="100.0" branchCoverage="0" crapScore="0" isConstructor="false" isStatic="true" isGetter="false" isSetter="false">
              <Summary numSequencePoints="3" visitedSequencePoints="3" numBranchPoints="0" visitedBranchPoints="0" sequenceCoverage="100.0" branchCoverage="0" maxCyclomaticComplexity="0" minCyclomaticComplexity="0" maxCrapScore="0" minCrapScore="0" visitedClasses="0" numClasses="0" visitedMethods="1" numMethods="1" />
              <MetadataToken>100663422</MetadataToken>
              <Name>static System.Single PathCreation.Utility.MathUtility::MinAngle(UnityEngine.Vector3, UnityEngine.Vector3, UnityEngine.Vector3)</Name>
              <FileRef uid="74" />
              <SequencePoints>
                <SequencePoint vc="13322" uspid="10151" ordinal="0" offset="0" sl="122" sc="72" el="122" ec="72" bec="0" bev="0" fileid="74" />
                <SequencePoint vc="13322" uspid="10152" ordinal="0" offset="1" sl="123" sc="13" el="123" ec="13" bec="0" bev="0" fileid="74" />
                <SequencePoint vc="13322" uspid="10153" ordinal="0" offset="23" sl="124" sc="9" el="124" ec="9" bec="0" bev="0" fileid="74" />
              </SequencePoints>
              <BranchPoints />
            </Method>
          </Methods>
        </Class>
        <Class>
          <Summary numSequencePoints="52" visitedSequencePoints="52" numBranchPoints="0" visitedBranchPoints="0" sequenceCoverage="100.0" branchCoverage="0.0" maxCyclomaticComplexity="0" minCyclomaticComplexity="0" maxCrapScore="0" minCrapScore="0" visitedClasses="1" numClasses="1" visitedMethods="1" numMethods="1" />
          <FullName>PathCreation.Utility.VertexPathUtility</FullName>
          <Methods>
            <Method visited="true" cyclomaticComplexity="0" nPathComplexity="0" sequenceCoverage="100.0" branchCoverage="0" crapScore="0" isConstructor="false" isStatic="true" isGetter="false" isSetter="false">
              <Summary numSequencePoints="52" visitedSequencePoints="52" numBranchPoints="0" visitedBranchPoints="0" sequenceCoverage="100.0" branchCoverage="0" maxCyclomaticComplexity="0" minCyclomaticComplexity="0" maxCrapScore="0" minCrapScore="0" visitedClasses="0" numClasses="0" visitedMethods="1" numMethods="1" />
              <MetadataToken>100663425</MetadataToken>
              <Name>static PathCreation.Utility.VertexPathUtility/PathSplitData PathCreation.Utility.VertexPathUtility::SplitBezierPathByAngleError(PathCreation.BezierPath, System.Single, System.Single, System.Single)</Name>
              <FileRef uid="75" />
              <SequencePoints>
                <SequencePoint vc="1" uspid="10171" ordinal="0" offset="0" sl="10" sc="9" el="10" ec="9" bec="0" bev="0" fileid="75" />
                <SequencePoint vc="1" uspid="10172" ordinal="0" offset="1" sl="11" sc="4" el="11" ec="4" bec="0" bev="0" fileid="75" />
                <SequencePoint vc="1" uspid="10173" ordinal="0" offset="7" sl="13" sc="13" el="13" ec="13" bec="0" bev="0" fileid="75" />
                <SequencePoint vc="1" uspid="10174" ordinal="0" offset="26" sl="14" sc="13" el="14" ec="13" bec="0" bev="0" fileid="75" />
                <SequencePoint vc="1" uspid="10175" ordinal="0" offset="64" sl="15" sc="13" el="15" ec="13" bec="0" bev="0" fileid="75" />
                <SequencePoint vc="1" uspid="10176" ordinal="0" offset="81" sl="16" sc="13" el="16" ec="13" bec="0" bev="0" fileid="75" />
                <SequencePoint vc="1" uspid="10177" ordinal="0" offset="94" sl="17" sc="4" el="17" ec="4" bec="0" bev="0" fileid="75" />
                <SequencePoint vc="1" uspid="10178" ordinal="0" offset="113" sl="19" sc="13" el="19" ec="13" bec="0" bev="0" fileid="75" />
                <SequencePoint vc="1" uspid="10179" ordinal="0" offset="121" sl="20" sc="13" el="20" ec="13" bec="0" bev="0" fileid="75" />
                <SequencePoint vc="1" uspid="10180" ordinal="0" offset="129" sl="22" sc="13" el="22" ec="13" bec="0" bev="0" fileid="75" />
                <SequencePoint vc="1" uspid="10181" ordinal="0" offset="135" sl="23" sc="13" el="23" ec="13" bec="0" bev="0" fileid="75" />
                <SequencePoint vc="1" uspid="10182" ordinal="0" offset="142" sl="26" sc="18" el="26" ec="18" bec="0" bev="0" fileid="75" />
                <SequencePoint vc="5" uspid="10183" ordinal="0" offset="150" sl="27" sc="13" el="27" ec="13" bec="0" bev="0" fileid="75" />
                <SequencePoint vc="5" uspid="10184" ordinal="0" offset="151" sl="28" sc="17" el="28" ec="17" bec="0" bev="0" fileid="75" />
                <SequencePoint vc="5" uspid="10185" ordinal="0" offset="161" sl="29" sc="17" el="29" ec="17" bec="0" bev="0" fileid="75" />
                <SequencePoint vc="5" uspid="10186" ordinal="0" offset="200" sl="30" sc="17" el="30" ec="17" bec="0" bev="0" fileid="75" />
                <SequencePoint vc="5" uspid="10187" ordinal="0" offset="211" sl="31" sc="17" el="31" ec="17" bec="0" bev="0" fileid="75" />
                <SequencePoint vc="5" uspid="10188" ordinal="0" offset="222" sl="33" sc="22" el="33" ec="22" bec="0" bev="0" fileid="75" />
                <SequencePoint vc="6661" uspid="10189" ordinal="0" offset="231" sl="34" sc="17" el="34" ec="17" bec="0" bev="0" fileid="75" />
                <SequencePoint vc="6661" uspid="10190" ordinal="0" offset="232" sl="35" sc="21" el="35" ec="21" bec="0" bev="0" fileid="75" />
                <SequencePoint vc="6661" uspid="10191" ordinal="0" offset="261" sl="36" sc="21" el="36" ec="21" bec="0" bev="0" fileid="75" />
                <SequencePoint vc="1" uspid="10192" ordinal="0" offset="269" sl="37" sc="21" el="37" ec="21" bec="0" bev="0" fileid="75" />
                <SequencePoint vc="1" uspid="10193" ordinal="0" offset="270" sl="38" sc="25" el="38" ec="25" bec="0" bev="0" fileid="75" />
                <SequencePoint vc="1" uspid="10194" ordinal="0" offset="277" sl="39" sc="21" el="39" ec="21" bec="0" bev="0" fileid="75" />
                <SequencePoint vc="6661" uspid="10195" ordinal="0" offset="278" sl="40" sc="21" el="40" ec="21" bec="0" bev="0" fileid="75" />
                <SequencePoint vc="6661" uspid="10196" ordinal="0" offset="289" sl="41" sc="21" el="41" ec="21" bec="0" bev="0" fileid="75" />
                <SequencePoint vc="6661" uspid="10197" ordinal="0" offset="303" sl="44" sc="21" el="44" ec="21" bec="0" bev="0" fileid="75" />
                <SequencePoint vc="6661" uspid="10198" ordinal="0" offset="321" sl="46" sc="21" el="46" ec="21" bec="0" bev="0" fileid="75" />
                <SequencePoint vc="6661" uspid="10199" ordinal="0" offset="339" sl="47" sc="21" el="47" ec="21" bec="0" bev="0" fileid="75" />
                <SequencePoint vc="6661" uspid="10200" ordinal="0" offset="350" sl="50" sc="21" el="50" ec="21" bec="0" bev="0" fileid="75" />
                <SequencePoint vc="943" uspid="10201" ordinal="0" offset="375" sl="51" sc="21" el="51" ec="21" bec="0" bev="0" fileid="75" />
                <SequencePoint vc="943" uspid="10202" ordinal="0" offset="376" sl="53" sc="25" el="53" ec="25" bec="0" bev="0" fileid="75" />
                <SequencePoint vc="943" uspid="10203" ordinal="0" offset="396" sl="54" sc="25" el="54" ec="25" bec="0" bev="0" fileid="75" />
                <SequencePoint vc="943" uspid="10204" ordinal="0" offset="409" sl="55" sc="25" el="55" ec="25" bec="0" bev="0" fileid="75" />
                <SequencePoint vc="943" uspid="10205" ordinal="0" offset="423" sl="56" sc="25" el="56" ec="25" bec="0" bev="0" fileid="75" />
                <SequencePoint vc="943" uspid="10206" ordinal="0" offset="453" sl="57" sc="7" el="57" ec="7" bec="0" bev="0" fileid="75" />
                <SequencePoint vc="943" uspid="10207" ordinal="0" offset="467" sl="58" sc="25" el="58" ec="25" bec="0" bev="0" fileid="75" />
                <SequencePoint vc="943" uspid="10208" ordinal="0" offset="474" sl="59" sc="25" el="59" ec="25" bec="0" bev="0" fileid="75" />
                <SequencePoint vc="943" uspid="10209" ordinal="0" offset="477" sl="60" sc="21" el="60" ec="21" bec="0" bev="0" fileid="75" />
                <SequencePoint vc="5718" uspid="10210" ordinal="0" offset="480" sl="62" sc="21" el="62" ec="21" bec="0" bev="0" fileid="75" />
                <SequencePoint vc="5718" uspid="10211" ordinal="0" offset="481" sl="63" sc="25" el="63" ec="25" bec="0" bev="0" fileid="75" />
                <SequencePoint vc="5718" uspid="10212" ordinal="0" offset="503" sl="64" sc="21" el="64" ec="21" bec="0" bev="0" fileid="75" />
                <SequencePoint vc="6661" uspid="10213" ordinal="0" offset="504" sl="65" sc="21" el="65" ec="21" bec="0" bev="0" fileid="75" />
                <SequencePoint vc="6661" uspid="10214" ordinal="0" offset="507" sl="66" sc="17" el="66" ec="17" bec="0" bev="0" fileid="75" />
                <SequencePoint vc="6661" uspid="10215" ordinal="0" offset="508" sl="33" sc="51" el="33" ec="51" bec="0" bev="0" fileid="75" />
                <SequencePoint vc="6666" uspid="10216" ordinal="0" offset="515" sl="33" sc="43" el="33" ec="43" bec="0" bev="0" fileid="75" />
                <SequencePoint vc="5" uspid="10217" ordinal="0" offset="536" sl="67" sc="17" el="67" ec="17" bec="0" bev="0" fileid="75" />
                <SequencePoint vc="5" uspid="10218" ordinal="0" offset="561" sl="68" sc="13" el="68" ec="13" bec="0" bev="0" fileid="75" />
                <SequencePoint vc="5" uspid="10219" ordinal="0" offset="562" sl="26" sc="79" el="26" ec="79" bec="0" bev="0" fileid="75" />
                <SequencePoint vc="6" uspid="10220" ordinal="0" offset="568" sl="26" sc="40" el="26" ec="40" bec="0" bev="0" fileid="75" />
                <SequencePoint vc="1" uspid="10221" ordinal="0" offset="587" sl="69" sc="4" el="69" ec="4" bec="0" bev="0" fileid="75" />
                <SequencePoint vc="1" uspid="10222" ordinal="0" offset="592" sl="70" sc="3" el="70" ec="3" bec="0" bev="0" fileid="75" />
              </SequencePoints>
              <BranchPoints />
            </Method>
          </Methods>
        </Class>
        <Class>
          <Summary numSequencePoints="5" visitedSequencePoints="5" numBranchPoints="0" visitedBranchPoints="0" sequenceCoverage="100.0" branchCoverage="0.0" maxCyclomaticComplexity="0" minCyclomaticComplexity="0" maxCrapScore="0" minCrapScore="0" visitedClasses="1" numClasses="1" visitedMethods="1" numMethods="1" />
          <FullName>PathCreation.VertexPath/TimeOnPathData</FullName>
          <Methods>
            <Method visited="true" cyclomaticComplexity="0" nPathComplexity="0" sequenceCoverage="100.0" branchCoverage="0" crapScore="0" isConstructor="true" isStatic="false" isGetter="false" isSetter="false">
              <Summary numSequencePoints="5" visitedSequencePoints="5" numBranchPoints="0" visitedBranchPoints="0" sequenceCoverage="100.0" branchCoverage="0" maxCyclomaticComplexity="0" minCyclomaticComplexity="0" maxCrapScore="0" minCrapScore="0" visitedClasses="0" numClasses="0" visitedMethods="1" numMethods="1" />
              <MetadataToken>100663432</MetadataToken>
              <Name>PathCreation.VertexPath/TimeOnPathData::TimeOnPathData(System.Int32, System.Int32, System.Single)</Name>
              <FileRef uid="72" />
              <SequencePoints>
                <SequencePoint vc="2481" uspid="10278" ordinal="0" offset="0" sl="334" sc="85" el="334" ec="85" bec="0" bev="0" fileid="72" />
                <SequencePoint vc="2481" uspid="10279" ordinal="0" offset="1" sl="335" sc="17" el="335" ec="17" bec="0" bev="0" fileid="72" />
                <SequencePoint vc="2481" uspid="10280" ordinal="0" offset="8" sl="336" sc="17" el="336" ec="17" bec="0" bev="0" fileid="72" />
                <SequencePoint vc="2481" uspid="10281" ordinal="0" offset="15" sl="337" sc="17" el="337" ec="17" bec="0" bev="0" fileid="72" />
                <SequencePoint vc="2481" uspid="10282" ordinal="0" offset="22" sl="338" sc="13" el="338" ec="13" bec="0" bev="0" fileid="72" />
              </SequencePoints>
              <BranchPoints />
            </Method>
          </Methods>
        </Class>
        <Class>
          <Summary numSequencePoints="11" visitedSequencePoints="11" numBranchPoints="0" visitedBranchPoints="0" sequenceCoverage="100.0" branchCoverage="0.0" maxCyclomaticComplexity="0" minCyclomaticComplexity="0" maxCrapScore="0" minCrapScore="0" visitedClasses="1" numClasses="1" visitedMethods="2" numMethods="2" />
          <FullName>PathCreation.Utility.MathUtility/PosRotScale</FullName>
          <Methods>
            <Method visited="true" cyclomaticComplexity="0" nPathComplexity="0" sequenceCoverage="100.0" branchCoverage="0" crapScore="0" isConstructor="false" isStatic="false" isGetter="false" isSetter="false">
              <Summary numSequencePoints="5" visitedSequencePoints="5" numBranchPoints="0" visitedBranchPoints="0" sequenceCoverage="100.0" branchCoverage="0" maxCyclomaticComplexity="0" minCyclomaticComplexity="0" maxCrapScore="0" minCrapScore="0" visitedClasses="0" numClasses="0" visitedMethods="1" numMethods="1" />
              <MetadataToken>100663434</MetadataToken>
              <Name>System.Void PathCreation.Utility.MathUtility/PosRotScale::SetTransform(UnityEngine.Transform)</Name>
              <FileRef uid="74" />
              <SequencePoints>
                <SequencePoint vc="4962" uspid="10283" ordinal="0" offset="0" sl="154" sc="52" el="154" ec="52" bec="0" bev="0" fileid="74" />
                <SequencePoint vc="4962" uspid="10284" ordinal="0" offset="1" sl="155" sc="17" el="155" ec="17" bec="0" bev="0" fileid="74" />
                <SequencePoint vc="4962" uspid="10285" ordinal="0" offset="14" sl="156" sc="17" el="156" ec="17" bec="0" bev="0" fileid="74" />
                <SequencePoint vc="4962" uspid="10286" ordinal="0" offset="27" sl="157" sc="17" el="157" ec="17" bec="0" bev="0" fileid="74" />
                <SequencePoint vc="4962" uspid="10287" ordinal="0" offset="40" sl="159" sc="13" el="159" ec="13" bec="0" bev="0" fileid="74" />
              </SequencePoints>
              <BranchPoints />
            </Method>
            <Method visited="true" cyclomaticComplexity="0" nPathComplexity="0" sequenceCoverage="100.0" branchCoverage="0" crapScore="0" isConstructor="true" isStatic="false" isGetter="false" isSetter="false">
              <Summary numSequencePoints="6" visitedSequencePoints="6" numBranchPoints="0" visitedBranchPoints="0" sequenceCoverage="100.0" branchCoverage="0" maxCyclomaticComplexity="0" minCyclomaticComplexity="0" maxCrapScore="0" minCrapScore="0" visitedClasses="0" numClasses="0" visitedMethods="1" numMethods="1" />
              <MetadataToken>100663433</MetadataToken>
              <Name>PathCreation.Utility.MathUtility/PosRotScale::PosRotScale(UnityEngine.Transform)</Name>
              <FileRef uid="74" />
              <SequencePoints>
                <SequencePoint vc="4962" uspid="10288" ordinal="0" offset="0" sl="148" sc="13" el="148" ec="13" bec="0" bev="0" fileid="74" />
                <SequencePoint vc="4962" uspid="10289" ordinal="0" offset="7" sl="148" sc="46" el="148" ec="46" bec="0" bev="0" fileid="74" />
                <SequencePoint vc="4962" uspid="10290" ordinal="0" offset="8" sl="149" sc="17" el="149" ec="17" bec="0" bev="0" fileid="74" />
                <SequencePoint vc="4962" uspid="10291" ordinal="0" offset="20" sl="150" sc="17" el="150" ec="17" bec="0" bev="0" fileid="74" />
                <SequencePoint vc="4962" uspid="10292" ordinal="0" offset="32" sl="151" sc="17" el="151" ec="17" bec="0" bev="0" fileid="74" />
                <SequencePoint vc="4962" uspid="10293" ordinal="0" offset="44" sl="152" sc="13" el="152" ec="13" bec="0" bev="0" fileid="74" />
              </SequencePoints>
              <BranchPoints />
            </Method>
          </Methods>
        </Class>
        <Class>
          <Summary numSequencePoints="5" visitedSequencePoints="5" numBranchPoints="0" visitedBranchPoints="0" sequenceCoverage="100.0" branchCoverage="0.0" maxCyclomaticComplexity="0" minCyclomaticComplexity="0" maxCrapScore="0" minCrapScore="0" visitedClasses="1" numClasses="1" visitedMethods="1" numMethods="1" />
          <FullName>PathCreation.Utility.VertexPathUtility/PathSplitData</FullName>
          <Methods>
            <Method visited="true" cyclomaticComplexity="0" nPathComplexity="0" sequenceCoverage="100.0" branchCoverage="0" crapScore="0" isConstructor="true" isStatic="false" isGetter="false" isSetter="false">
              <Summary numSequencePoints="5" visitedSequencePoints="5" numBranchPoints="0" visitedBranchPoints="0" sequenceCoverage="100.0" branchCoverage="0" maxCyclomaticComplexity="0" minCyclomaticComplexity="0" maxCrapScore="0" minCrapScore="0" visitedClasses="0" numClasses="0" visitedMethods="1" numMethods="1" />
              <MetadataToken>100663435</MetadataToken>
              <Name>PathCreation.Utility.VertexPathUtility/PathSplitData::PathSplitData()</Name>
              <FileRef uid="75" />
              <SequencePoints>
                <SequencePoint vc="1" uspid="10294" ordinal="0" offset="0" sl="132" sc="6" el="132" ec="6" bec="0" bev="0" fileid="75" />
                <SequencePoint vc="1" uspid="10295" ordinal="0" offset="11" sl="133" sc="6" el="133" ec="6" bec="0" bev="0" fileid="75" />
                <SequencePoint vc="1" uspid="10296" ordinal="0" offset="22" sl="134" sc="6" el="134" ec="6" bec="0" bev="0" fileid="75" />
                <SequencePoint vc="1" uspid="10297" ordinal="0" offset="33" sl="135" sc="6" el="135" ec="6" bec="0" bev="0" fileid="75" />
                <SequencePoint vc="1" uspid="10298" ordinal="0" offset="44" sl="136" sc="6" el="136" ec="6" bec="0" bev="0" fileid="75" />
              </SequencePoints>
              <BranchPoints />
            </Method>
          </Methods>
        </Class>
      </Classes>
    </Module>
  </Modules>
</CoverageSession>